<?xml version="1.0" encoding="UTF-8"?>
<robot generator="Robot 7.4.2 (Python 3.13.13 on win32)" generated="2026-04-18T13:57:51.883450" rpa="false" schemaversion="5">
<suite id="s1" name="Testcase" source="D:\WorkShopAutoMattesting\CURA Healthcare Service - Web Application\Testcase">
<suite id="s1-s1" name="CURA APPT001" source="D:\WorkShopAutoMattesting\CURA Healthcare Service - Web Application\Testcase\CURA_APPT001.robot">
<kw name="Run Keywords" owner="BuiltIn" type="SETUP">
<kw name="Set Selenium Timeout" owner="SeleniumLibrary">
<arg>15s</arg>
<doc>Sets the timeout that is used by various keywords.</doc>
<status status="PASS" start="2026-04-18T13:57:52.251481" elapsed="0.000322"/>
</kw>
<kw name="Open Browser To Login Page" owner="Common">
<kw name="Evaluate" owner="BuiltIn">
<msg time="2026-04-18T13:57:52.285125" level="INFO">${options} = &lt;selenium.webdriver.chrome.options.Options object at 0x000002B3DE30ECF0&gt;</msg>
<var>${options}</var>
<arg>sys.modules['selenium.webdriver'].ChromeOptions()</arg>
<arg>sys, selenium.webdriver</arg>
<doc>Evaluates the given expression in Python and returns the result.</doc>
<status status="PASS" start="2026-04-18T13:57:52.253130" elapsed="0.032086"/>
</kw>
<kw name="Create Dictionary" owner="BuiltIn">
<msg time="2026-04-18T13:57:52.286462" level="INFO">${prefs} = {'credentials_enable_service': False, 'profile.password_manager_enabled': False, 'profile.password_manager_leak_detection': False, 'safebrowsing.enabled': False}</msg>
<var>${prefs}</var>
<arg>credentials_enable_service=${False}</arg>
<arg>profile.password_manager_enabled=${False}</arg>
<arg>profile.password_manager_leak_detection=${False}</arg>
<arg>safebrowsing.enabled=${False}</arg>
<doc>Creates and returns a dictionary based on the given ``items``.</doc>
<status status="PASS" start="2026-04-18T13:57:52.285520" elapsed="0.001000"/>
</kw>
<kw name="Call Method" owner="BuiltIn">
<arg>${options}</arg>
<arg>add_experimental_option</arg>
<arg>prefs</arg>
<arg>${prefs}</arg>
<doc>Calls the named method of the given object with the provided arguments.</doc>
<status status="PASS" start="2026-04-18T13:57:52.286726" elapsed="0.000471"/>
</kw>
<kw name="Set Variable" owner="BuiltIn">
<msg time="2026-04-18T13:57:52.287774" level="INFO">${arg_disable_features} = --disable-features=PasswordLeakDetection,SafeBrowsingPasswordCheck</msg>
<var>${arg_disable_features}</var>
<arg>--disable-features=PasswordLeakDetection,SafeBrowsingPasswordCheck</arg>
<doc>Returns the given values which can then be assigned to a variables.</doc>
<status status="PASS" start="2026-04-18T13:57:52.287391" elapsed="0.000433"/>
</kw>
<kw name="Call Method" owner="BuiltIn">
<arg>${options}</arg>
<arg>add_argument</arg>
<arg>--disable-notifications</arg>
<doc>Calls the named method of the given object with the provided arguments.</doc>
<status status="PASS" start="2026-04-18T13:57:52.288001" elapsed="0.000386"/>
</kw>
<kw name="Call Method" owner="BuiltIn">
<arg>${options}</arg>
<arg>add_argument</arg>
<arg>${arg_disable_features}</arg>
<doc>Calls the named method of the given object with the provided arguments.</doc>
<status status="PASS" start="2026-04-18T13:57:52.288563" elapsed="0.000428"/>
</kw>
<kw name="Open Browser" owner="SeleniumLibrary">
<msg time="2026-04-18T13:57:52.289604" level="INFO">Opening browser 'chrome' to base url 'https://katalon-demo-cura.herokuapp.com/'.</msg>
<arg>${URL}</arg>
<arg>${BROWSER}</arg>
<arg>options=${options}</arg>
<doc>Opens a new browser instance to the optional ``url``.</doc>
<status status="PASS" start="2026-04-18T13:57:52.289201" elapsed="6.078653"/>
</kw>
<kw name="Maximize Browser Window" owner="SeleniumLibrary">
<doc>Maximizes current browser window.</doc>
<status status="PASS" start="2026-04-18T13:57:58.368294" elapsed="0.048220"/>
</kw>
<status status="PASS" start="2026-04-18T13:57:52.252851" elapsed="6.166261"/>
</kw>
<arg>Set Selenium Timeout</arg>
<arg>15s</arg>
<arg>AND</arg>
<arg>Open Browser To Login Page</arg>
<doc>Executes all the given keywords in a sequence.</doc>
<status status="PASS" start="2026-04-18T13:57:52.249791" elapsed="6.169731"/>
</kw>
<test id="s1-s1-t1" name="Appointment Scenario ID: CURA_APPT001_001" line="18">
<kw name="Appointment Workflow Template">
<kw name="Open Login Page" owner="Login_Function">
<kw name="Go To" owner="SeleniumLibrary">
<msg time="2026-04-18T13:57:58.426495" level="INFO">Opening url 'https://katalon-demo-cura.herokuapp.com/'</msg>
<arg>${URL}</arg>
<doc>Navigates the current browser window to the provided ``url``.</doc>
<status status="PASS" start="2026-04-18T13:57:58.426323" elapsed="0.320704"/>
</kw>
<kw name="Wait Until Element Is Visible" owner="SeleniumLibrary">
<arg>${APPT_BTN}</arg>
<arg>10s</arg>
<doc>Waits until the element ``locator`` is visible.</doc>
<status status="PASS" start="2026-04-18T13:57:58.747450" elapsed="0.146350"/>
</kw>
<kw name="Click Element" owner="SeleniumLibrary">
<msg time="2026-04-18T13:57:58.894427" level="INFO">Clicking element 'id=btn-make-appointment'.</msg>
<arg>${APPT_BTN}</arg>
<doc>Click the element identified by ``locator``.</doc>
<status status="PASS" start="2026-04-18T13:57:58.894099" elapsed="0.463599"/>
</kw>
<kw name="Wait Until Element Is Visible" owner="SeleniumLibrary">
<arg>${USERNAME_INPUT}</arg>
<arg>10s</arg>
<doc>Waits until the element ``locator`` is visible.</doc>
<status status="PASS" start="2026-04-18T13:57:59.358043" elapsed="0.021795"/>
</kw>
<doc>เปิดหน้าแรกและนำทางไปยังหน้า Login</doc>
<status status="PASS" start="2026-04-18T13:57:58.425837" elapsed="0.954151"/>
</kw>
<kw name="Submit Login Form" owner="Login_Function">
<kw name="Run Keyword If" owner="BuiltIn">
<kw name="Input Text" owner="SeleniumLibrary">
<msg time="2026-04-18T13:57:59.381792" level="INFO">Typing text 'John Doe' into text field 'id=txt-username'.</msg>
<arg>${USERNAME_INPUT}</arg>
<arg>${username}</arg>
<doc>Types the given ``text`` into the text field identified by ``locator``.</doc>
<status status="PASS" start="2026-04-18T13:57:59.381538" elapsed="0.141326"/>
</kw>
<arg>'${username}' == '${EMPTY}'</arg>
<arg>Clear Element Text</arg>
<arg>${USERNAME_INPUT}</arg>
<arg>ELSE</arg>
<arg>Input Text</arg>
<arg>${USERNAME_INPUT}</arg>
<arg>${username}</arg>
<doc>Runs the given keyword with the given arguments, if ``condition`` is true.</doc>
<status status="PASS" start="2026-04-18T13:57:59.380594" elapsed="0.142580"/>
</kw>
<kw name="Run Keyword If" owner="BuiltIn">
<kw name="Input Password" owner="SeleniumLibrary">
<msg time="2026-04-18T13:57:59.524947" level="INFO">Typing password into text field 'id=txt-password'.</msg>
<msg time="2026-04-18T13:57:59.589644" level="INFO">Temporally setting log level to: NONE</msg>
<arg>${PASSWORD_INPUT}</arg>
<arg>${password}</arg>
<doc>Types the given password into the text field identified by ``locator``.</doc>
<status status="PASS" start="2026-04-18T13:57:59.524609" elapsed="0.155075"/>
</kw>
<arg>'${password}' == '${EMPTY}'</arg>
<arg>Clear Element Text</arg>
<arg>${PASSWORD_INPUT}</arg>
<arg>ELSE</arg>
<arg>Input Password</arg>
<arg>${PASSWORD_INPUT}</arg>
<arg>${password}</arg>
<doc>Runs the given keyword with the given arguments, if ``condition`` is true.</doc>
<status status="PASS" start="2026-04-18T13:57:59.523436" elapsed="0.156379"/>
</kw>
<kw name="Click Button" owner="SeleniumLibrary">
<msg time="2026-04-18T13:57:59.680264" level="INFO">Clicking button 'id=btn-login'.</msg>
<arg>${LOGIN_BTN}</arg>
<doc>Clicks the button identified by ``locator``.</doc>
<status status="PASS" start="2026-04-18T13:57:59.680011" elapsed="0.118115"/>
</kw>
<arg>John Doe</arg>
<arg>ThisIsNotAPassword</arg>
<doc>กรอกข้อมูล Login และกดปุ่มยืนยัน</doc>
<status status="PASS" start="2026-04-18T13:57:59.380216" elapsed="0.418099"/>
</kw>
<kw name="Book Appointment" owner="Appointment_Function">
<kw name="Wait Until Element Is Visible" owner="SeleniumLibrary">
<arg>${FACILITY_SEL}</arg>
<arg>10s</arg>
<doc>Waits until the element ``locator`` is visible.</doc>
<status status="PASS" start="2026-04-18T13:57:59.799956" elapsed="0.591629"/>
</kw>
<kw name="Select From List By Value" owner="SeleniumLibrary">
<msg time="2026-04-18T13:58:00.392763" level="INFO">Selecting options from selection list 'id=combo_facility' by value Tokyo CURA Healthcare Center.</msg>
<arg>${FACILITY_SEL}</arg>
<arg>${facility}</arg>
<doc>Selects options from selection list ``locator`` by ``values``.</doc>
<status status="PASS" start="2026-04-18T13:58:00.392425" elapsed="0.065059"/>
</kw>
<if>
<branch type="IF" condition="'${readmission}' == 'Yes'">
<kw name="Select Checkbox" owner="SeleniumLibrary">
<msg time="2026-04-18T13:58:00.458208" level="INFO">Selecting checkbox 'id=chk_hospotal_readmission'.</msg>
<arg>${READMISSION_CBX}</arg>
<doc>Selects the checkbox identified by ``locator``.</doc>
<status status="PASS" start="2026-04-18T13:58:00.457972" elapsed="0.083249"/>
</kw>
<status status="PASS" start="2026-04-18T13:58:00.457673" elapsed="0.083651"/>
</branch>
<branch type="ELSE">
<kw name="Unselect Checkbox" owner="SeleniumLibrary">
<arg>${READMISSION_CBX}</arg>
<doc>Removes the selection of checkbox identified by ``locator``.</doc>
<status status="NOT RUN" start="2026-04-18T13:58:00.541572" elapsed="0.000038"/>
</kw>
<status status="NOT RUN" start="2026-04-18T13:58:00.541398" elapsed="0.000263"/>
</branch>
<status status="PASS" start="2026-04-18T13:58:00.457631" elapsed="0.084073"/>
</if>
<kw name="Select Radio Button" owner="SeleniumLibrary">
<msg time="2026-04-18T13:58:00.542015" level="INFO">Selecting 'Medicare' from radio button 'programs'.</msg>
<arg>programs</arg>
<arg>${program}</arg>
<doc>Sets the radio button group ``group_name`` to ``value``.</doc>
<status status="PASS" start="2026-04-18T13:58:00.541808" elapsed="0.018051"/>
</kw>
<kw name="Input Text" owner="SeleniumLibrary">
<msg time="2026-04-18T13:58:00.560386" level="INFO">Typing text '12/05/2026' into text field 'id=txt_visit_date'.</msg>
<arg>${VISIT_DATE_TXT}</arg>
<arg>${visit_date}</arg>
<doc>Types the given ``text`` into the text field identified by ``locator``.</doc>
<status status="PASS" start="2026-04-18T13:58:00.560084" elapsed="0.163136"/>
</kw>
<kw name="Input Text" owner="SeleniumLibrary">
<msg time="2026-04-18T13:58:00.723870" level="INFO">Typing text 'Aas;1224xfcdp":;'',.' into text field 'id=txt_comment'.</msg>
<arg>${COMMENT_TXT}</arg>
<arg>${comment}</arg>
<doc>Types the given ``text`` into the text field identified by ``locator``.</doc>
<status status="PASS" start="2026-04-18T13:58:00.723546" elapsed="0.116631"/>
</kw>
<kw name="Click Button" owner="SeleniumLibrary">
<msg time="2026-04-18T13:58:00.840913" level="INFO">Clicking button 'id=btn-book-appointment'.</msg>
<arg>${BOOK_APPT_BTN}</arg>
<doc>Clicks the button identified by ``locator``.</doc>
<status status="PASS" start="2026-04-18T13:58:00.840509" elapsed="0.105176"/>
</kw>
<arg>${facility}</arg>
<arg>${readmission}</arg>
<arg>${program}</arg>
<arg>${visit_date}</arg>
<arg>${comment}</arg>
<status status="PASS" start="2026-04-18T13:57:59.798842" elapsed="1.146999"/>
</kw>
<kw name="Verify Appointment Result" owner="Appointment_Function">
<if>
<branch type="IF" condition="'${expected_status}' == 'Success'">
<kw name="Wait Until Page Contains" owner="SeleniumLibrary">
<arg>Appointment Confirmation</arg>
<arg>10s</arg>
<doc>Waits until ``text`` appears on the current page.</doc>
<status status="PASS" start="2026-04-18T13:58:00.947539" elapsed="0.313654"/>
</kw>
<kw name="Element Should Contain" owner="SeleniumLibrary">
<msg time="2026-04-18T13:58:01.295217" level="INFO">Element 'id=facility' contains text 'Tokyo CURA Healthcare Center'.</msg>
<arg>id=facility</arg>
<arg>${facility}</arg>
<doc>Verifies that element ``locator`` contains text ``expected``.</doc>
<status status="PASS" start="2026-04-18T13:58:01.261429" elapsed="0.033932"/>
</kw>
<status status="PASS" start="2026-04-18T13:58:00.946923" elapsed="0.348552"/>
</branch>
<branch type="ELSE IF" condition="'${expected_status}' == 'Error_MissingDate'">
<kw name="Page Should Contain Element" owner="SeleniumLibrary">
<arg>${BOOK_APPT_BTN}</arg>
<doc>Verifies that element ``locator`` is found on the current page.</doc>
<status status="NOT RUN" start="2026-04-18T13:58:01.295744" elapsed="0.000038"/>
</kw>
<status status="NOT RUN" start="2026-04-18T13:58:01.295553" elapsed="0.000282"/>
</branch>
<branch type="ELSE IF" condition="'${expected_status}' == 'Fail'">
<kw name="Wait Until Page Contains" owner="SeleniumLibrary">
<arg>Appointment Confirmation</arg>
<arg>10s</arg>
<doc>Waits until ``text`` appears on the current page.</doc>
<status status="NOT RUN" start="2026-04-18T13:58:01.295996" elapsed="0.000031"/>
</kw>
<kw name="Log" owner="BuiltIn">
<arg>บันทึก: พบ Bug ระบบยอมให้จองวันที่ในอดีต</arg>
<arg>level=WARN</arg>
<doc>Logs the given message with the given level.</doc>
<status status="NOT RUN" start="2026-04-18T13:58:01.296147" elapsed="0.000031"/>
</kw>
<status status="NOT RUN" start="2026-04-18T13:58:01.295879" elapsed="0.000355"/>
</branch>
<status status="PASS" start="2026-04-18T13:58:00.946840" elapsed="0.349439"/>
</if>
<arg>${expected_status}</arg>
<arg>${facility}</arg>
<status status="PASS" start="2026-04-18T13:58:00.946190" elapsed="0.350173"/>
</kw>
<kw name="Handle Post-Test Actions">
<if>
<branch type="IF" condition="'${test_id}' == 'CURA_APPT001_005'">
<kw name="Logout Process" owner="Login_Function">
<status status="NOT RUN" start="2026-04-18T13:58:01.298293" elapsed="0.000092"/>
</kw>
<kw name="Go Back" owner="SeleniumLibrary">
<doc>Simulates the user clicking the back button on their browser.</doc>
<status status="NOT RUN" start="2026-04-18T13:58:01.298575" elapsed="0.000044"/>
</kw>
<kw name="Log" owner="BuiltIn">
<arg>ตรวจสอบการกด Back หลัง Logout สำเร็จ</arg>
<arg>level=INFO</arg>
<doc>Logs the given message with the given level.</doc>
<status status="NOT RUN" start="2026-04-18T13:58:01.298752" elapsed="0.000033"/>
</kw>
<status status="NOT RUN" start="2026-04-18T13:58:01.297495" elapsed="0.001374"/>
</branch>
<branch type="ELSE IF" condition="'${expected_status}' == 'Success' or '${expected_status}' == 'Fail'">
<kw name="Logout Process" owner="Login_Function">
<kw name="Click Element" owner="SeleniumLibrary">
<msg time="2026-04-18T13:58:01.300046" level="INFO">Clicking element 'id=menu-toggle'.</msg>
<arg>${MENU_TOGGLE}</arg>
<doc>Click the element identified by ``locator``.</doc>
<status status="PASS" start="2026-04-18T13:58:01.299749" elapsed="0.065671"/>
</kw>
<kw name="Wait Until Element Is Visible" owner="SeleniumLibrary">
<arg>${LOGOUT_LINK}</arg>
<arg>5s</arg>
<doc>Waits until the element ``locator`` is visible.</doc>
<status status="PASS" start="2026-04-18T13:58:01.365710" elapsed="0.044922"/>
</kw>
<kw name="Click Element" owner="SeleniumLibrary">
<msg time="2026-04-18T13:58:01.411247" level="INFO">Clicking element 'xpath=//a[text()='Logout']'.</msg>
<arg>${LOGOUT_LINK}</arg>
<doc>Click the element identified by ``locator``.</doc>
<status status="PASS" start="2026-04-18T13:58:01.410909" elapsed="0.624044"/>
</kw>
<status status="PASS" start="2026-04-18T13:58:01.299331" elapsed="0.735923"/>
</kw>
<kw name="Open Login Page" owner="Login_Function">
<kw name="Go To" owner="SeleniumLibrary">
<msg time="2026-04-18T13:58:02.036913" level="INFO">Opening url 'https://katalon-demo-cura.herokuapp.com/'</msg>
<arg>${URL}</arg>
<doc>Navigates the current browser window to the provided ``url``.</doc>
<status status="PASS" start="2026-04-18T13:58:02.036412" elapsed="0.300013"/>
</kw>
<kw name="Wait Until Element Is Visible" owner="SeleniumLibrary">
<arg>${APPT_BTN}</arg>
<arg>10s</arg>
<doc>Waits until the element ``locator`` is visible.</doc>
<status status="PASS" start="2026-04-18T13:58:02.336820" elapsed="0.017114"/>
</kw>
<kw name="Click Element" owner="SeleniumLibrary">
<msg time="2026-04-18T13:58:02.354795" level="INFO">Clicking element 'id=btn-make-appointment'.</msg>
<arg>${APPT_BTN}</arg>
<doc>Click the element identified by ``locator``.</doc>
<status status="PASS" start="2026-04-18T13:58:02.354211" elapsed="0.360865"/>
</kw>
<kw name="Wait Until Element Is Visible" owner="SeleniumLibrary">
<arg>${USERNAME_INPUT}</arg>
<arg>10s</arg>
<doc>Waits until the element ``locator`` is visible.</doc>
<status status="PASS" start="2026-04-18T13:58:02.715315" elapsed="0.018179"/>
</kw>
<doc>เปิดหน้าแรกและนำทางไปยังหน้า Login</doc>
<status status="PASS" start="2026-04-18T13:58:02.035678" elapsed="0.697963"/>
</kw>
<status status="PASS" start="2026-04-18T13:58:01.298933" elapsed="1.434765"/>
</branch>
<branch type="ELSE">
<kw name="Logout Process" owner="Login_Function">
<status status="NOT RUN" start="2026-04-18T13:58:02.733981" elapsed="0.000038"/>
</kw>
<kw name="Open Login Page" owner="Login_Function">
<doc>เปิดหน้าแรกและนำทางไปยังหน้า Login</doc>
<status status="NOT RUN" start="2026-04-18T13:58:02.734167" elapsed="0.000032"/>
</kw>
<status status="NOT RUN" start="2026-04-18T13:58:02.733759" elapsed="0.000485"/>
</branch>
<status status="PASS" start="2026-04-18T13:58:01.297412" elapsed="1.436874"/>
</if>
<arg>${test_id}</arg>
<arg>${expected_status}</arg>
<status status="PASS" start="2026-04-18T13:58:01.296674" elapsed="1.437674"/>
</kw>
<arg>test_id=CURA_APPT001_001</arg>
<arg>facility=Tokyo CURA Healthcare Center</arg>
<arg>readmission=Yes</arg>
<arg>program=Medicare</arg>
<arg>visit_date=12/05/2026</arg>
<arg>comment=Aas;1224xfcdp":;'',.</arg>
<arg>expected_status=Success</arg>
<arg>description=กรณีระบุข้อมูลถูกต้องครบถ้วน</arg>
<status status="PASS" start="2026-04-18T13:57:58.424910" elapsed="4.309515"/>
</kw>
<doc>${description}</doc>
<tag>Appointment</tag>
<status status="PASS" start="2026-04-18T13:57:58.421218" elapsed="4.313611"/>
</test>
<test id="s1-s1-t2" name="Appointment Scenario ID: CURA_APPT001_002" line="18">
<kw name="Appointment Workflow Template">
<kw name="Open Login Page" owner="Login_Function">
<kw name="Go To" owner="SeleniumLibrary">
<msg time="2026-04-18T13:58:02.738832" level="INFO">Opening url 'https://katalon-demo-cura.herokuapp.com/'</msg>
<arg>${URL}</arg>
<doc>Navigates the current browser window to the provided ``url``.</doc>
<status status="PASS" start="2026-04-18T13:58:02.738671" elapsed="0.311216"/>
</kw>
<kw name="Wait Until Element Is Visible" owner="SeleniumLibrary">
<arg>${APPT_BTN}</arg>
<arg>10s</arg>
<doc>Waits until the element ``locator`` is visible.</doc>
<status status="PASS" start="2026-04-18T13:58:03.050170" elapsed="0.015494"/>
</kw>
<kw name="Click Element" owner="SeleniumLibrary">
<msg time="2026-04-18T13:58:03.066131" level="INFO">Clicking element 'id=btn-make-appointment'.</msg>
<arg>${APPT_BTN}</arg>
<doc>Click the element identified by ``locator``.</doc>
<status status="PASS" start="2026-04-18T13:58:03.065883" elapsed="0.367892"/>
</kw>
<kw name="Wait Until Element Is Visible" owner="SeleniumLibrary">
<arg>${USERNAME_INPUT}</arg>
<arg>10s</arg>
<doc>Waits until the element ``locator`` is visible.</doc>
<status status="PASS" start="2026-04-18T13:58:03.434025" elapsed="0.018299"/>
</kw>
<doc>เปิดหน้าแรกและนำทางไปยังหน้า Login</doc>
<status status="PASS" start="2026-04-18T13:58:02.738412" elapsed="0.714117"/>
</kw>
<kw name="Submit Login Form" owner="Login_Function">
<kw name="Run Keyword If" owner="BuiltIn">
<kw name="Input Text" owner="SeleniumLibrary">
<msg time="2026-04-18T13:58:03.454391" level="INFO">Typing text 'John Doe' into text field 'id=txt-username'.</msg>
<arg>${USERNAME_INPUT}</arg>
<arg>${username}</arg>
<doc>Types the given ``text`` into the text field identified by ``locator``.</doc>
<status status="PASS" start="2026-04-18T13:58:03.454140" elapsed="0.120037"/>
</kw>
<arg>'${username}' == '${EMPTY}'</arg>
<arg>Clear Element Text</arg>
<arg>${USERNAME_INPUT}</arg>
<arg>ELSE</arg>
<arg>Input Text</arg>
<arg>${USERNAME_INPUT}</arg>
<arg>${username}</arg>
<doc>Runs the given keyword with the given arguments, if ``condition`` is true.</doc>
<status status="PASS" start="2026-04-18T13:58:03.453188" elapsed="0.121156"/>
</kw>
<kw name="Run Keyword If" owner="BuiltIn">
<kw name="Input Password" owner="SeleniumLibrary">
<msg time="2026-04-18T13:58:03.575875" level="INFO">Typing password into text field 'id=txt-password'.</msg>
<msg time="2026-04-18T13:58:03.611722" level="INFO">Temporally setting log level to: NONE</msg>
<arg>${PASSWORD_INPUT}</arg>
<arg>${password}</arg>
<doc>Types the given password into the text field identified by ``locator``.</doc>
<status status="PASS" start="2026-04-18T13:58:03.575605" elapsed="0.099217"/>
</kw>
<arg>'${password}' == '${EMPTY}'</arg>
<arg>Clear Element Text</arg>
<arg>${PASSWORD_INPUT}</arg>
<arg>ELSE</arg>
<arg>Input Password</arg>
<arg>${PASSWORD_INPUT}</arg>
<arg>${password}</arg>
<doc>Runs the given keyword with the given arguments, if ``condition`` is true.</doc>
<status status="PASS" start="2026-04-18T13:58:03.574559" elapsed="0.100388"/>
</kw>
<kw name="Click Button" owner="SeleniumLibrary">
<msg time="2026-04-18T13:58:03.675501" level="INFO">Clicking button 'id=btn-login'.</msg>
<arg>${LOGIN_BTN}</arg>
<doc>Clicks the button identified by ``locator``.</doc>
<status status="PASS" start="2026-04-18T13:58:03.675132" elapsed="0.082467"/>
</kw>
<arg>John Doe</arg>
<arg>ThisIsNotAPassword</arg>
<doc>กรอกข้อมูล Login และกดปุ่มยืนยัน</doc>
<status status="PASS" start="2026-04-18T13:58:03.452771" elapsed="0.304981"/>
</kw>
<kw name="Book Appointment" owner="Appointment_Function">
<kw name="Wait Until Element Is Visible" owner="SeleniumLibrary">
<arg>${FACILITY_SEL}</arg>
<arg>10s</arg>
<doc>Waits until the element ``locator`` is visible.</doc>
<status status="PASS" start="2026-04-18T13:58:03.758596" elapsed="0.805379"/>
</kw>
<kw name="Select From List By Value" owner="SeleniumLibrary">
<msg time="2026-04-18T13:58:04.564540" level="INFO">Selecting options from selection list 'id=combo_facility' by value Tokyo CURA Healthcare Center.</msg>
<arg>${FACILITY_SEL}</arg>
<arg>${facility}</arg>
<doc>Selects options from selection list ``locator`` by ``values``.</doc>
<status status="PASS" start="2026-04-18T13:58:04.564207" elapsed="0.041650"/>
</kw>
<if>
<branch type="IF" condition="'${readmission}' == 'Yes'">
<kw name="Select Checkbox" owner="SeleniumLibrary">
<arg>${READMISSION_CBX}</arg>
<doc>Selects the checkbox identified by ``locator``.</doc>
<status status="NOT RUN" start="2026-04-18T13:58:04.606299" elapsed="0.000035"/>
</kw>
<status status="NOT RUN" start="2026-04-18T13:58:04.606024" elapsed="0.000365"/>
</branch>
<branch type="ELSE">
<kw name="Unselect Checkbox" owner="SeleniumLibrary">
<msg time="2026-04-18T13:58:04.606775" level="INFO">Unselecting checkbox 'id=chk_hospotal_readmission'.</msg>
<arg>${READMISSION_CBX}</arg>
<doc>Removes the selection of checkbox identified by ``locator``.</doc>
<status status="PASS" start="2026-04-18T13:58:04.606538" elapsed="0.025335"/>
</kw>
<status status="PASS" start="2026-04-18T13:58:04.606437" elapsed="0.025560"/>
</branch>
<status status="PASS" start="2026-04-18T13:58:04.605992" elapsed="0.026058"/>
</if>
<kw name="Select Radio Button" owner="SeleniumLibrary">
<msg time="2026-04-18T13:58:04.632539" level="INFO">Selecting 'Medicare' from radio button 'programs'.</msg>
<arg>programs</arg>
<arg>${program}</arg>
<doc>Sets the radio button group ``group_name`` to ``value``.</doc>
<status status="PASS" start="2026-04-18T13:58:04.632221" elapsed="0.015471"/>
</kw>
<kw name="Input Text" owner="SeleniumLibrary">
<msg time="2026-04-18T13:58:04.648259" level="INFO">Typing text '12/05/2026' into text field 'id=txt_visit_date'.</msg>
<arg>${VISIT_DATE_TXT}</arg>
<arg>${visit_date}</arg>
<doc>Types the given ``text`` into the text field identified by ``locator``.</doc>
<status status="PASS" start="2026-04-18T13:58:04.647931" elapsed="0.138051"/>
</kw>
<kw name="Input Text" owner="SeleniumLibrary">
<msg time="2026-04-18T13:58:04.787296" level="INFO">Typing text 'Aas;1224xfcdp":;'',.' into text field 'id=txt_comment'.</msg>
<arg>${COMMENT_TXT}</arg>
<arg>${comment}</arg>
<doc>Types the given ``text`` into the text field identified by ``locator``.</doc>
<status status="PASS" start="2026-04-18T13:58:04.786579" elapsed="0.112050"/>
</kw>
<kw name="Click Button" owner="SeleniumLibrary">
<msg time="2026-04-18T13:58:04.899415" level="INFO">Clicking button 'id=btn-book-appointment'.</msg>
<arg>${BOOK_APPT_BTN}</arg>
<doc>Clicks the button identified by ``locator``.</doc>
<status status="PASS" start="2026-04-18T13:58:04.898937" elapsed="0.361479"/>
</kw>
<arg>${facility}</arg>
<arg>${readmission}</arg>
<arg>${program}</arg>
<arg>${visit_date}</arg>
<arg>${comment}</arg>
<status status="PASS" start="2026-04-18T13:58:03.758057" elapsed="1.502572"/>
</kw>
<kw name="Verify Appointment Result" owner="Appointment_Function">
<if>
<branch type="IF" condition="'${expected_status}' == 'Success'">
<kw name="Wait Until Page Contains" owner="SeleniumLibrary">
<arg>Appointment Confirmation</arg>
<arg>10s</arg>
<doc>Waits until ``text`` appears on the current page.</doc>
<status status="PASS" start="2026-04-18T13:58:05.262577" elapsed="0.070409"/>
</kw>
<kw name="Element Should Contain" owner="SeleniumLibrary">
<msg time="2026-04-18T13:58:05.350965" level="INFO">Element 'id=facility' contains text 'Tokyo CURA Healthcare Center'.</msg>
<arg>id=facility</arg>
<arg>${facility}</arg>
<doc>Verifies that element ``locator`` contains text ``expected``.</doc>
<status status="PASS" start="2026-04-18T13:58:05.333215" elapsed="0.017878"/>
</kw>
<status status="PASS" start="2026-04-18T13:58:05.261989" elapsed="0.089189"/>
</branch>
<branch type="ELSE IF" condition="'${expected_status}' == 'Error_MissingDate'">
<kw name="Page Should Contain Element" owner="SeleniumLibrary">
<arg>${BOOK_APPT_BTN}</arg>
<doc>Verifies that element ``locator`` is found on the current page.</doc>
<status status="NOT RUN" start="2026-04-18T13:58:05.351400" elapsed="0.000034"/>
</kw>
<status status="NOT RUN" start="2026-04-18T13:58:05.351234" elapsed="0.000246"/>
</branch>
<branch type="ELSE IF" condition="'${expected_status}' == 'Fail'">
<kw name="Wait Until Page Contains" owner="SeleniumLibrary">
<arg>Appointment Confirmation</arg>
<arg>10s</arg>
<doc>Waits until ``text`` appears on the current page.</doc>
<status status="NOT RUN" start="2026-04-18T13:58:05.351626" elapsed="0.000029"/>
</kw>
<kw name="Log" owner="BuiltIn">
<arg>บันทึก: พบ Bug ระบบยอมให้จองวันที่ในอดีต</arg>
<arg>level=WARN</arg>
<doc>Logs the given message with the given level.</doc>
<status status="NOT RUN" start="2026-04-18T13:58:05.351770" elapsed="0.000030"/>
</kw>
<status status="NOT RUN" start="2026-04-18T13:58:05.351521" elapsed="0.000351"/>
</branch>
<status status="PASS" start="2026-04-18T13:58:05.261935" elapsed="0.089978"/>
</if>
<arg>${expected_status}</arg>
<arg>${facility}</arg>
<status status="PASS" start="2026-04-18T13:58:05.261225" elapsed="0.090752"/>
</kw>
<kw name="Handle Post-Test Actions">
<if>
<branch type="IF" condition="'${test_id}' == 'CURA_APPT001_005'">
<kw name="Logout Process" owner="Login_Function">
<status status="NOT RUN" start="2026-04-18T13:58:05.352838" elapsed="0.000038"/>
</kw>
<kw name="Go Back" owner="SeleniumLibrary">
<doc>Simulates the user clicking the back button on their browser.</doc>
<status status="NOT RUN" start="2026-04-18T13:58:05.352975" elapsed="0.000029"/>
</kw>
<kw name="Log" owner="BuiltIn">
<arg>ตรวจสอบการกด Back หลัง Logout สำเร็จ</arg>
<arg>level=INFO</arg>
<doc>Logs the given message with the given level.</doc>
<status status="NOT RUN" start="2026-04-18T13:58:05.353108" elapsed="0.000031"/>
</kw>
<status status="NOT RUN" start="2026-04-18T13:58:05.352596" elapsed="0.000604"/>
</branch>
<branch type="ELSE IF" condition="'${expected_status}' == 'Success' or '${expected_status}' == 'Fail'">
<kw name="Logout Process" owner="Login_Function">
<kw name="Click Element" owner="SeleniumLibrary">
<msg time="2026-04-18T13:58:05.353948" level="INFO">Clicking element 'id=menu-toggle'.</msg>
<arg>${MENU_TOGGLE}</arg>
<doc>Click the element identified by ``locator``.</doc>
<status status="PASS" start="2026-04-18T13:58:05.353751" elapsed="0.056104"/>
</kw>
<kw name="Wait Until Element Is Visible" owner="SeleniumLibrary">
<arg>${LOGOUT_LINK}</arg>
<arg>5s</arg>
<doc>Waits until the element ``locator`` is visible.</doc>
<status status="PASS" start="2026-04-18T13:58:05.410152" elapsed="0.016030"/>
</kw>
<kw name="Click Element" owner="SeleniumLibrary">
<msg time="2026-04-18T13:58:05.426754" level="INFO">Clicking element 'xpath=//a[text()='Logout']'.</msg>
<arg>${LOGOUT_LINK}</arg>
<doc>Click the element identified by ``locator``.</doc>
<status status="PASS" start="2026-04-18T13:58:05.426391" elapsed="0.627701"/>
</kw>
<status status="PASS" start="2026-04-18T13:58:05.353501" elapsed="0.700836"/>
</kw>
<kw name="Open Login Page" owner="Login_Function">
<kw name="Go To" owner="SeleniumLibrary">
<msg time="2026-04-18T13:58:06.055866" level="INFO">Opening url 'https://katalon-demo-cura.herokuapp.com/'</msg>
<arg>${URL}</arg>
<doc>Navigates the current browser window to the provided ``url``.</doc>
<status status="PASS" start="2026-04-18T13:58:06.055466" elapsed="0.310556"/>
</kw>
<kw name="Wait Until Element Is Visible" owner="SeleniumLibrary">
<arg>${APPT_BTN}</arg>
<arg>10s</arg>
<doc>Waits until the element ``locator`` is visible.</doc>
<status status="PASS" start="2026-04-18T13:58:06.366382" elapsed="0.023566"/>
</kw>
<kw name="Click Element" owner="SeleniumLibrary">
<msg time="2026-04-18T13:58:06.390645" level="INFO">Clicking element 'id=btn-make-appointment'.</msg>
<arg>${APPT_BTN}</arg>
<doc>Click the element identified by ``locator``.</doc>
<status status="PASS" start="2026-04-18T13:58:06.390259" elapsed="0.404476"/>
</kw>
<kw name="Wait Until Element Is Visible" owner="SeleniumLibrary">
<arg>${USERNAME_INPUT}</arg>
<arg>10s</arg>
<doc>Waits until the element ``locator`` is visible.</doc>
<status status="PASS" start="2026-04-18T13:58:06.795008" elapsed="0.015293"/>
</kw>
<doc>เปิดหน้าแรกและนำทางไปยังหน้า Login</doc>
<status status="PASS" start="2026-04-18T13:58:06.054796" elapsed="0.755671"/>
</kw>
<status status="PASS" start="2026-04-18T13:58:05.353243" elapsed="1.457281"/>
</branch>
<branch type="ELSE">
<kw name="Logout Process" owner="Login_Function">
<status status="NOT RUN" start="2026-04-18T13:58:06.810825" elapsed="0.000041"/>
</kw>
<kw name="Open Login Page" owner="Login_Function">
<doc>เปิดหน้าแรกและนำทางไปยังหน้า Login</doc>
<status status="NOT RUN" start="2026-04-18T13:58:06.811012" elapsed="0.000033"/>
</kw>
<status status="NOT RUN" start="2026-04-18T13:58:06.810586" elapsed="0.000502"/>
</branch>
<status status="PASS" start="2026-04-18T13:58:05.352576" elapsed="1.458550"/>
</if>
<arg>${test_id}</arg>
<arg>${expected_status}</arg>
<status status="PASS" start="2026-04-18T13:58:05.352234" elapsed="1.458963"/>
</kw>
<arg>test_id=CURA_APPT001_002</arg>
<arg>facility=Tokyo CURA Healthcare Center</arg>
<arg>readmission=No</arg>
<arg>program=Medicare</arg>
<arg>visit_date=12/05/2026</arg>
<arg>comment=Aas;1224xfcdp":;'',.</arg>
<arg>expected_status=Success</arg>
<arg>description=กรณีไม่ทำเครื่องหมาย Apply for hospital readmission</arg>
<status status="PASS" start="2026-04-18T13:58:02.737870" elapsed="4.073403"/>
</kw>
<doc>${description}</doc>
<tag>Appointment</tag>
<status status="PASS" start="2026-04-18T13:58:02.736071" elapsed="4.075547"/>
</test>
<test id="s1-s1-t3" name="Appointment Scenario ID: CURA_APPT001_003" line="18">
<kw name="Appointment Workflow Template">
<kw name="Open Login Page" owner="Login_Function">
<kw name="Go To" owner="SeleniumLibrary">
<msg time="2026-04-18T13:58:06.815125" level="INFO">Opening url 'https://katalon-demo-cura.herokuapp.com/'</msg>
<arg>${URL}</arg>
<doc>Navigates the current browser window to the provided ``url``.</doc>
<status status="PASS" start="2026-04-18T13:58:06.814978" elapsed="0.301891"/>
</kw>
<kw name="Wait Until Element Is Visible" owner="SeleniumLibrary">
<arg>${APPT_BTN}</arg>
<arg>10s</arg>
<doc>Waits until the element ``locator`` is visible.</doc>
<status status="PASS" start="2026-04-18T13:58:07.117506" elapsed="0.016945"/>
</kw>
<kw name="Click Element" owner="SeleniumLibrary">
<msg time="2026-04-18T13:58:07.134917" level="INFO">Clicking element 'id=btn-make-appointment'.</msg>
<arg>${APPT_BTN}</arg>
<doc>Click the element identified by ``locator``.</doc>
<status status="PASS" start="2026-04-18T13:58:07.134668" elapsed="0.376556"/>
</kw>
<kw name="Wait Until Element Is Visible" owner="SeleniumLibrary">
<arg>${USERNAME_INPUT}</arg>
<arg>10s</arg>
<doc>Waits until the element ``locator`` is visible.</doc>
<status status="PASS" start="2026-04-18T13:58:07.511499" elapsed="0.015892"/>
</kw>
<doc>เปิดหน้าแรกและนำทางไปยังหน้า Login</doc>
<status status="PASS" start="2026-04-18T13:58:06.814745" elapsed="0.712813"/>
</kw>
<kw name="Submit Login Form" owner="Login_Function">
<kw name="Run Keyword If" owner="BuiltIn">
<kw name="Input Text" owner="SeleniumLibrary">
<msg time="2026-04-18T13:58:07.529388" level="INFO">Typing text 'John Doe' into text field 'id=txt-username'.</msg>
<arg>${USERNAME_INPUT}</arg>
<arg>${username}</arg>
<doc>Types the given ``text`` into the text field identified by ``locator``.</doc>
<status status="PASS" start="2026-04-18T13:58:07.529148" elapsed="0.111755"/>
</kw>
<arg>'${username}' == '${EMPTY}'</arg>
<arg>Clear Element Text</arg>
<arg>${USERNAME_INPUT}</arg>
<arg>ELSE</arg>
<arg>Input Text</arg>
<arg>${USERNAME_INPUT}</arg>
<arg>${username}</arg>
<doc>Runs the given keyword with the given arguments, if ``condition`` is true.</doc>
<status status="PASS" start="2026-04-18T13:58:07.528223" elapsed="0.112879"/>
</kw>
<kw name="Run Keyword If" owner="BuiltIn">
<kw name="Input Password" owner="SeleniumLibrary">
<msg time="2026-04-18T13:58:07.643489" level="INFO">Typing password into text field 'id=txt-password'.</msg>
<msg time="2026-04-18T13:58:07.675088" level="INFO">Temporally setting log level to: NONE</msg>
<arg>${PASSWORD_INPUT}</arg>
<arg>${password}</arg>
<doc>Types the given password into the text field identified by ``locator``.</doc>
<status status="PASS" start="2026-04-18T13:58:07.643108" elapsed="0.097062"/>
</kw>
<arg>'${password}' == '${EMPTY}'</arg>
<arg>Clear Element Text</arg>
<arg>${PASSWORD_INPUT}</arg>
<arg>ELSE</arg>
<arg>Input Password</arg>
<arg>${PASSWORD_INPUT}</arg>
<arg>${password}</arg>
<doc>Runs the given keyword with the given arguments, if ``condition`` is true.</doc>
<status status="PASS" start="2026-04-18T13:58:07.641419" elapsed="0.098875"/>
</kw>
<kw name="Click Button" owner="SeleniumLibrary">
<msg time="2026-04-18T13:58:07.740725" level="INFO">Clicking button 'id=btn-login'.</msg>
<arg>${LOGIN_BTN}</arg>
<doc>Clicks the button identified by ``locator``.</doc>
<status status="PASS" start="2026-04-18T13:58:07.740484" elapsed="0.078729"/>
</kw>
<arg>John Doe</arg>
<arg>ThisIsNotAPassword</arg>
<doc>กรอกข้อมูล Login และกดปุ่มยืนยัน</doc>
<status status="PASS" start="2026-04-18T13:58:07.527828" elapsed="0.291518"/>
</kw>
<kw name="Book Appointment" owner="Appointment_Function">
<kw name="Wait Until Element Is Visible" owner="SeleniumLibrary">
<arg>${FACILITY_SEL}</arg>
<arg>10s</arg>
<doc>Waits until the element ``locator`` is visible.</doc>
<status status="PASS" start="2026-04-18T13:58:07.820835" elapsed="0.591586"/>
</kw>
<kw name="Select From List By Value" owner="SeleniumLibrary">
<msg time="2026-04-18T13:58:08.412959" level="INFO">Selecting options from selection list 'id=combo_facility' by value Tokyo CURA Healthcare Center.</msg>
<arg>${FACILITY_SEL}</arg>
<arg>${facility}</arg>
<doc>Selects options from selection list ``locator`` by ``values``.</doc>
<status status="PASS" start="2026-04-18T13:58:08.412649" elapsed="0.061886"/>
</kw>
<if>
<branch type="IF" condition="'${readmission}' == 'Yes'">
<kw name="Select Checkbox" owner="SeleniumLibrary">
<msg time="2026-04-18T13:58:08.475578" level="INFO">Selecting checkbox 'id=chk_hospotal_readmission'.</msg>
<arg>${READMISSION_CBX}</arg>
<doc>Selects the checkbox identified by ``locator``.</doc>
<status status="PASS" start="2026-04-18T13:58:08.475292" elapsed="0.076556"/>
</kw>
<status status="PASS" start="2026-04-18T13:58:08.474825" elapsed="0.077123"/>
</branch>
<branch type="ELSE">
<kw name="Unselect Checkbox" owner="SeleniumLibrary">
<arg>${READMISSION_CBX}</arg>
<doc>Removes the selection of checkbox identified by ``locator``.</doc>
<status status="NOT RUN" start="2026-04-18T13:58:08.552177" elapsed="0.000035"/>
</kw>
<status status="NOT RUN" start="2026-04-18T13:58:08.552009" elapsed="0.000251"/>
</branch>
<status status="PASS" start="2026-04-18T13:58:08.474767" elapsed="0.077532"/>
</if>
<kw name="Select Radio Button" owner="SeleniumLibrary">
<msg time="2026-04-18T13:58:08.552604" level="INFO">Selecting 'Medicare' from radio button 'programs'.</msg>
<arg>programs</arg>
<arg>${program}</arg>
<doc>Sets the radio button group ``group_name`` to ``value``.</doc>
<status status="PASS" start="2026-04-18T13:58:08.552398" elapsed="0.013717"/>
</kw>
<kw name="Input Text" owner="SeleniumLibrary">
<msg time="2026-04-18T13:58:08.566616" level="INFO">Typing text '12/05/2026' into text field 'id=txt_visit_date'.</msg>
<arg>${VISIT_DATE_TXT}</arg>
<arg>${visit_date}</arg>
<doc>Types the given ``text`` into the text field identified by ``locator``.</doc>
<status status="PASS" start="2026-04-18T13:58:08.566329" elapsed="0.153077"/>
</kw>
<kw name="Input Text" owner="SeleniumLibrary">
<msg time="2026-04-18T13:58:08.721291" level="INFO">Typing text '' into text field 'id=txt_comment'.</msg>
<arg>${COMMENT_TXT}</arg>
<arg>${comment}</arg>
<doc>Types the given ``text`` into the text field identified by ``locator``.</doc>
<status status="PASS" start="2026-04-18T13:58:08.720015" elapsed="0.075988"/>
</kw>
<kw name="Click Button" owner="SeleniumLibrary">
<msg time="2026-04-18T13:58:08.796494" level="INFO">Clicking button 'id=btn-book-appointment'.</msg>
<arg>${BOOK_APPT_BTN}</arg>
<doc>Clicks the button identified by ``locator``.</doc>
<status status="PASS" start="2026-04-18T13:58:08.796242" elapsed="0.079696"/>
</kw>
<arg>${facility}</arg>
<arg>${readmission}</arg>
<arg>${program}</arg>
<arg>${visit_date}</arg>
<arg>${comment}</arg>
<status status="PASS" start="2026-04-18T13:58:07.819687" elapsed="1.056391"/>
</kw>
<kw name="Verify Appointment Result" owner="Appointment_Function">
<if>
<branch type="IF" condition="'${expected_status}' == 'Success'">
<kw name="Wait Until Page Contains" owner="SeleniumLibrary">
<arg>Appointment Confirmation</arg>
<arg>10s</arg>
<doc>Waits until ``text`` appears on the current page.</doc>
<status status="PASS" start="2026-04-18T13:58:08.877295" elapsed="0.317645"/>
</kw>
<kw name="Element Should Contain" owner="SeleniumLibrary">
<msg time="2026-04-18T13:58:09.210193" level="INFO">Element 'id=facility' contains text 'Tokyo CURA Healthcare Center'.</msg>
<arg>id=facility</arg>
<arg>${facility}</arg>
<doc>Verifies that element ``locator`` contains text ``expected``.</doc>
<status status="PASS" start="2026-04-18T13:58:09.195184" elapsed="0.015131"/>
</kw>
<status status="PASS" start="2026-04-18T13:58:08.876849" elapsed="0.333549"/>
</branch>
<branch type="ELSE IF" condition="'${expected_status}' == 'Error_MissingDate'">
<kw name="Page Should Contain Element" owner="SeleniumLibrary">
<arg>${BOOK_APPT_BTN}</arg>
<doc>Verifies that element ``locator`` is found on the current page.</doc>
<status status="NOT RUN" start="2026-04-18T13:58:09.210631" elapsed="0.000121"/>
</kw>
<status status="NOT RUN" start="2026-04-18T13:58:09.210457" elapsed="0.000346"/>
</branch>
<branch type="ELSE IF" condition="'${expected_status}' == 'Fail'">
<kw name="Wait Until Page Contains" owner="SeleniumLibrary">
<arg>Appointment Confirmation</arg>
<arg>10s</arg>
<doc>Waits until ``text`` appears on the current page.</doc>
<status status="NOT RUN" start="2026-04-18T13:58:09.210956" elapsed="0.000030"/>
</kw>
<kw name="Log" owner="BuiltIn">
<arg>บันทึก: พบ Bug ระบบยอมให้จองวันที่ในอดีต</arg>
<arg>level=WARN</arg>
<doc>Logs the given message with the given level.</doc>
<status status="NOT RUN" start="2026-04-18T13:58:09.211099" elapsed="0.000030"/>
</kw>
<status status="NOT RUN" start="2026-04-18T13:58:09.210845" elapsed="0.000334"/>
</branch>
<status status="PASS" start="2026-04-18T13:58:08.876780" elapsed="0.334439"/>
</if>
<arg>${expected_status}</arg>
<arg>${facility}</arg>
<status status="PASS" start="2026-04-18T13:58:08.876394" elapsed="0.334890"/>
</kw>
<kw name="Handle Post-Test Actions">
<if>
<branch type="IF" condition="'${test_id}' == 'CURA_APPT001_005'">
<kw name="Logout Process" owner="Login_Function">
<status status="NOT RUN" start="2026-04-18T13:58:09.212176" elapsed="0.000038"/>
</kw>
<kw name="Go Back" owner="SeleniumLibrary">
<doc>Simulates the user clicking the back button on their browser.</doc>
<status status="NOT RUN" start="2026-04-18T13:58:09.212330" elapsed="0.000031"/>
</kw>
<kw name="Log" owner="BuiltIn">
<arg>ตรวจสอบการกด Back หลัง Logout สำเร็จ</arg>
<arg>level=INFO</arg>
<doc>Logs the given message with the given level.</doc>
<status status="NOT RUN" start="2026-04-18T13:58:09.212469" elapsed="0.000030"/>
</kw>
<status status="NOT RUN" start="2026-04-18T13:58:09.211898" elapsed="0.000652"/>
</branch>
<branch type="ELSE IF" condition="'${expected_status}' == 'Success' or '${expected_status}' == 'Fail'">
<kw name="Logout Process" owner="Login_Function">
<kw name="Click Element" owner="SeleniumLibrary">
<msg time="2026-04-18T13:58:09.213415" level="INFO">Clicking element 'id=menu-toggle'.</msg>
<arg>${MENU_TOGGLE}</arg>
<doc>Click the element identified by ``locator``.</doc>
<status status="PASS" start="2026-04-18T13:58:09.213206" elapsed="0.070888"/>
</kw>
<kw name="Wait Until Element Is Visible" owner="SeleniumLibrary">
<arg>${LOGOUT_LINK}</arg>
<arg>5s</arg>
<doc>Waits until the element ``locator`` is visible.</doc>
<status status="PASS" start="2026-04-18T13:58:09.284320" elapsed="0.034746"/>
</kw>
<kw name="Click Element" owner="SeleniumLibrary">
<msg time="2026-04-18T13:58:09.319549" level="INFO">Clicking element 'xpath=//a[text()='Logout']'.</msg>
<arg>${LOGOUT_LINK}</arg>
<doc>Click the element identified by ``locator``.</doc>
<status status="PASS" start="2026-04-18T13:58:09.319287" elapsed="0.619034"/>
</kw>
<status status="PASS" start="2026-04-18T13:58:09.212931" elapsed="0.725672"/>
</kw>
<kw name="Open Login Page" owner="Login_Function">
<kw name="Go To" owner="SeleniumLibrary">
<msg time="2026-04-18T13:58:09.939675" level="INFO">Opening url 'https://katalon-demo-cura.herokuapp.com/'</msg>
<arg>${URL}</arg>
<doc>Navigates the current browser window to the provided ``url``.</doc>
<status status="PASS" start="2026-04-18T13:58:09.939423" elapsed="0.299093"/>
</kw>
<kw name="Wait Until Element Is Visible" owner="SeleniumLibrary">
<arg>${APPT_BTN}</arg>
<arg>10s</arg>
<doc>Waits until the element ``locator`` is visible.</doc>
<status status="PASS" start="2026-04-18T13:58:10.238797" elapsed="0.015549"/>
</kw>
<kw name="Click Element" owner="SeleniumLibrary">
<msg time="2026-04-18T13:58:10.254955" level="INFO">Clicking element 'id=btn-make-appointment'.</msg>
<arg>${APPT_BTN}</arg>
<doc>Click the element identified by ``locator``.</doc>
<status status="PASS" start="2026-04-18T13:58:10.254630" elapsed="0.369763"/>
</kw>
<kw name="Wait Until Element Is Visible" owner="SeleniumLibrary">
<arg>${USERNAME_INPUT}</arg>
<arg>10s</arg>
<doc>Waits until the element ``locator`` is visible.</doc>
<status status="PASS" start="2026-04-18T13:58:10.624716" elapsed="0.019081"/>
</kw>
<doc>เปิดหน้าแรกและนำทางไปยังหน้า Login</doc>
<status status="PASS" start="2026-04-18T13:58:09.938947" elapsed="0.705059"/>
</kw>
<status status="PASS" start="2026-04-18T13:58:09.212595" elapsed="1.431490"/>
</branch>
<branch type="ELSE">
<kw name="Logout Process" owner="Login_Function">
<status status="NOT RUN" start="2026-04-18T13:58:10.644481" elapsed="0.000055"/>
</kw>
<kw name="Open Login Page" owner="Login_Function">
<doc>เปิดหน้าแรกและนำทางไปยังหน้า Login</doc>
<status status="NOT RUN" start="2026-04-18T13:58:10.644744" elapsed="0.000044"/>
</kw>
<status status="NOT RUN" start="2026-04-18T13:58:10.644164" elapsed="0.000683"/>
</branch>
<status status="PASS" start="2026-04-18T13:58:09.211877" elapsed="1.433041"/>
</if>
<arg>${test_id}</arg>
<arg>${expected_status}</arg>
<status status="PASS" start="2026-04-18T13:58:09.211531" elapsed="1.433488"/>
</kw>
<arg>test_id=CURA_APPT001_003</arg>
<arg>facility=Tokyo CURA Healthcare Center</arg>
<arg>readmission=Yes</arg>
<arg>program=Medicare</arg>
<arg>visit_date=12/05/2026</arg>
<arg>comment=</arg>
<arg>expected_status=Success</arg>
<arg>description=กรณีกรอกข้อมูลถูกต้อง แต่ไม่ระบุ Comment</arg>
<status status="PASS" start="2026-04-18T13:58:06.814233" elapsed="3.830880"/>
</kw>
<doc>${description}</doc>
<tag>Appointment</tag>
<status status="PASS" start="2026-04-18T13:58:06.812948" elapsed="3.832538"/>
</test>
<test id="s1-s1-t4" name="Appointment Scenario ID: CURA_APPT001_004" line="18">
<kw name="Appointment Workflow Template">
<kw name="Open Login Page" owner="Login_Function">
<kw name="Go To" owner="SeleniumLibrary">
<msg time="2026-04-18T13:58:10.650470" level="INFO">Opening url 'https://katalon-demo-cura.herokuapp.com/'</msg>
<arg>${URL}</arg>
<doc>Navigates the current browser window to the provided ``url``.</doc>
<status status="PASS" start="2026-04-18T13:58:10.650288" elapsed="0.323335"/>
</kw>
<kw name="Wait Until Element Is Visible" owner="SeleniumLibrary">
<arg>${APPT_BTN}</arg>
<arg>10s</arg>
<doc>Waits until the element ``locator`` is visible.</doc>
<status status="PASS" start="2026-04-18T13:58:10.973881" elapsed="0.014537"/>
</kw>
<kw name="Click Element" owner="SeleniumLibrary">
<msg time="2026-04-18T13:58:10.988882" level="INFO">Clicking element 'id=btn-make-appointment'.</msg>
<arg>${APPT_BTN}</arg>
<doc>Click the element identified by ``locator``.</doc>
<status status="PASS" start="2026-04-18T13:58:10.988635" elapsed="0.372659"/>
</kw>
<kw name="Wait Until Element Is Visible" owner="SeleniumLibrary">
<arg>${USERNAME_INPUT}</arg>
<arg>10s</arg>
<doc>Waits until the element ``locator`` is visible.</doc>
<status status="PASS" start="2026-04-18T13:58:11.361569" elapsed="0.016573"/>
</kw>
<doc>เปิดหน้าแรกและนำทางไปยังหน้า Login</doc>
<status status="PASS" start="2026-04-18T13:58:10.649915" elapsed="0.728372"/>
</kw>
<kw name="Submit Login Form" owner="Login_Function">
<kw name="Run Keyword If" owner="BuiltIn">
<kw name="Input Text" owner="SeleniumLibrary">
<msg time="2026-04-18T13:58:11.380028" level="INFO">Typing text 'John Doe' into text field 'id=txt-username'.</msg>
<arg>${USERNAME_INPUT}</arg>
<arg>${username}</arg>
<doc>Types the given ``text`` into the text field identified by ``locator``.</doc>
<status status="PASS" start="2026-04-18T13:58:11.379791" elapsed="0.114888"/>
</kw>
<arg>'${username}' == '${EMPTY}'</arg>
<arg>Clear Element Text</arg>
<arg>${USERNAME_INPUT}</arg>
<arg>ELSE</arg>
<arg>Input Text</arg>
<arg>${USERNAME_INPUT}</arg>
<arg>${username}</arg>
<doc>Runs the given keyword with the given arguments, if ``condition`` is true.</doc>
<status status="PASS" start="2026-04-18T13:58:11.378906" elapsed="0.116088"/>
</kw>
<kw name="Run Keyword If" owner="BuiltIn">
<kw name="Input Password" owner="SeleniumLibrary">
<msg time="2026-04-18T13:58:11.497548" level="INFO">Typing password into text field 'id=txt-password'.</msg>
<msg time="2026-04-18T13:58:11.530550" level="INFO">Temporally setting log level to: NONE</msg>
<arg>${PASSWORD_INPUT}</arg>
<arg>${password}</arg>
<doc>Types the given password into the text field identified by ``locator``.</doc>
<status status="PASS" start="2026-04-18T13:58:11.496922" elapsed="0.102707"/>
</kw>
<arg>'${password}' == '${EMPTY}'</arg>
<arg>Clear Element Text</arg>
<arg>${PASSWORD_INPUT}</arg>
<arg>ELSE</arg>
<arg>Input Password</arg>
<arg>${PASSWORD_INPUT}</arg>
<arg>${password}</arg>
<doc>Runs the given keyword with the given arguments, if ``condition`` is true.</doc>
<status status="PASS" start="2026-04-18T13:58:11.495515" elapsed="0.104294"/>
</kw>
<kw name="Click Button" owner="SeleniumLibrary">
<msg time="2026-04-18T13:58:11.600604" level="INFO">Clicking button 'id=btn-login'.</msg>
<arg>${LOGIN_BTN}</arg>
<doc>Clicks the button identified by ``locator``.</doc>
<status status="PASS" start="2026-04-18T13:58:11.600129" elapsed="0.089220"/>
</kw>
<arg>John Doe</arg>
<arg>ThisIsNotAPassword</arg>
<doc>กรอกข้อมูล Login และกดปุ่มยืนยัน</doc>
<status status="PASS" start="2026-04-18T13:58:11.378519" elapsed="0.310971"/>
</kw>
<kw name="Book Appointment" owner="Appointment_Function">
<kw name="Wait Until Element Is Visible" owner="SeleniumLibrary">
<arg>${FACILITY_SEL}</arg>
<arg>10s</arg>
<doc>Waits until the element ``locator`` is visible.</doc>
<status status="PASS" start="2026-04-18T13:58:11.690340" elapsed="0.795144"/>
</kw>
<kw name="Select From List By Value" owner="SeleniumLibrary">
<msg time="2026-04-18T13:58:12.486012" level="INFO">Selecting options from selection list 'id=combo_facility' by value Tokyo CURA Healthcare Center.</msg>
<arg>${FACILITY_SEL}</arg>
<arg>${facility}</arg>
<doc>Selects options from selection list ``locator`` by ``values``.</doc>
<status status="PASS" start="2026-04-18T13:58:12.485712" elapsed="0.038552"/>
</kw>
<if>
<branch type="IF" condition="'${readmission}' == 'Yes'">
<kw name="Select Checkbox" owner="SeleniumLibrary">
<msg time="2026-04-18T13:58:12.524933" level="INFO">Selecting checkbox 'id=chk_hospotal_readmission'.</msg>
<arg>${READMISSION_CBX}</arg>
<doc>Selects the checkbox identified by ``locator``.</doc>
<status status="PASS" start="2026-04-18T13:58:12.524709" elapsed="0.094014"/>
</kw>
<status status="PASS" start="2026-04-18T13:58:12.524431" elapsed="0.094444"/>
</branch>
<branch type="ELSE">
<kw name="Unselect Checkbox" owner="SeleniumLibrary">
<arg>${READMISSION_CBX}</arg>
<doc>Removes the selection of checkbox identified by ``locator``.</doc>
<status status="NOT RUN" start="2026-04-18T13:58:12.619156" elapsed="0.000042"/>
</kw>
<status status="NOT RUN" start="2026-04-18T13:58:12.618949" elapsed="0.000304"/>
</branch>
<status status="PASS" start="2026-04-18T13:58:12.524399" elapsed="0.094897"/>
</if>
<kw name="Select Radio Button" owner="SeleniumLibrary">
<msg time="2026-04-18T13:58:12.619665" level="INFO">Selecting 'Medicare' from radio button 'programs'.</msg>
<arg>programs</arg>
<arg>${program}</arg>
<doc>Sets the radio button group ``group_name`` to ``value``.</doc>
<status status="PASS" start="2026-04-18T13:58:12.619405" elapsed="0.013420"/>
</kw>
<kw name="Input Text" owner="SeleniumLibrary">
<msg time="2026-04-18T13:58:12.633357" level="INFO">Typing text 'kk/kk/kkkk' into text field 'id=txt_visit_date'.</msg>
<arg>${VISIT_DATE_TXT}</arg>
<arg>${visit_date}</arg>
<doc>Types the given ``text`` into the text field identified by ``locator``.</doc>
<status status="PASS" start="2026-04-18T13:58:12.633040" elapsed="0.113136"/>
</kw>
<kw name="Input Text" owner="SeleniumLibrary">
<msg time="2026-04-18T13:58:12.746759" level="INFO">Typing text 'Aas;1224xfcdp":;'',.' into text field 'id=txt_comment'.</msg>
<arg>${COMMENT_TXT}</arg>
<arg>${comment}</arg>
<doc>Types the given ``text`` into the text field identified by ``locator``.</doc>
<status status="PASS" start="2026-04-18T13:58:12.746413" elapsed="0.095533"/>
</kw>
<kw name="Click Button" owner="SeleniumLibrary">
<msg time="2026-04-18T13:58:12.842693" level="INFO">Clicking button 'id=btn-book-appointment'.</msg>
<arg>${BOOK_APPT_BTN}</arg>
<doc>Clicks the button identified by ``locator``.</doc>
<status status="PASS" start="2026-04-18T13:58:12.842333" elapsed="0.073878"/>
</kw>
<arg>${facility}</arg>
<arg>${readmission}</arg>
<arg>${program}</arg>
<arg>${visit_date}</arg>
<arg>${comment}</arg>
<status status="PASS" start="2026-04-18T13:58:11.689793" elapsed="1.226557"/>
</kw>
<kw name="Verify Appointment Result" owner="Appointment_Function">
<if>
<branch type="IF" condition="'${expected_status}' == 'Success'">
<kw name="Wait Until Page Contains" owner="SeleniumLibrary">
<arg>Appointment Confirmation</arg>
<arg>10s</arg>
<doc>Waits until ``text`` appears on the current page.</doc>
<status status="PASS" start="2026-04-18T13:58:12.917946" elapsed="0.315247"/>
</kw>
<kw name="Element Should Contain" owner="SeleniumLibrary">
<msg time="2026-04-18T13:58:13.248424" level="INFO">Element 'id=facility' contains text 'Tokyo CURA Healthcare Center'.</msg>
<arg>id=facility</arg>
<arg>${facility}</arg>
<doc>Verifies that element ``locator`` contains text ``expected``.</doc>
<status status="PASS" start="2026-04-18T13:58:13.233484" elapsed="0.015062"/>
</kw>
<status status="PASS" start="2026-04-18T13:58:12.917347" elapsed="0.331337"/>
</branch>
<branch type="ELSE IF" condition="'${expected_status}' == 'Error_MissingDate'">
<kw name="Page Should Contain Element" owner="SeleniumLibrary">
<arg>${BOOK_APPT_BTN}</arg>
<doc>Verifies that element ``locator`` is found on the current page.</doc>
<status status="NOT RUN" start="2026-04-18T13:58:13.248915" elapsed="0.000035"/>
</kw>
<status status="NOT RUN" start="2026-04-18T13:58:13.248744" elapsed="0.000253"/>
</branch>
<branch type="ELSE IF" condition="'${expected_status}' == 'Fail'">
<kw name="Wait Until Page Contains" owner="SeleniumLibrary">
<arg>Appointment Confirmation</arg>
<arg>10s</arg>
<doc>Waits until ``text`` appears on the current page.</doc>
<status status="NOT RUN" start="2026-04-18T13:58:13.249140" elapsed="0.000031"/>
</kw>
<kw name="Log" owner="BuiltIn">
<arg>บันทึก: พบ Bug ระบบยอมให้จองวันที่ในอดีต</arg>
<arg>level=WARN</arg>
<doc>Logs the given message with the given level.</doc>
<status status="NOT RUN" start="2026-04-18T13:58:13.249285" elapsed="0.000030"/>
</kw>
<status status="NOT RUN" start="2026-04-18T13:58:13.249037" elapsed="0.000328"/>
</branch>
<status status="PASS" start="2026-04-18T13:58:12.917278" elapsed="0.332127"/>
</if>
<arg>${expected_status}</arg>
<arg>${facility}</arg>
<status status="PASS" start="2026-04-18T13:58:12.916668" elapsed="0.332801"/>
</kw>
<kw name="Handle Post-Test Actions">
<if>
<branch type="IF" condition="'${test_id}' == 'CURA_APPT001_005'">
<kw name="Logout Process" owner="Login_Function">
<status status="NOT RUN" start="2026-04-18T13:58:13.250376" elapsed="0.000036"/>
</kw>
<kw name="Go Back" owner="SeleniumLibrary">
<doc>Simulates the user clicking the back button on their browser.</doc>
<status status="NOT RUN" start="2026-04-18T13:58:13.250525" elapsed="0.000031"/>
</kw>
<kw name="Log" owner="BuiltIn">
<arg>ตรวจสอบการกด Back หลัง Logout สำเร็จ</arg>
<arg>level=INFO</arg>
<doc>Logs the given message with the given level.</doc>
<status status="NOT RUN" start="2026-04-18T13:58:13.250663" elapsed="0.000033"/>
</kw>
<status status="NOT RUN" start="2026-04-18T13:58:13.250114" elapsed="0.000633"/>
</branch>
<branch type="ELSE IF" condition="'${expected_status}' == 'Success' or '${expected_status}' == 'Fail'">
<kw name="Logout Process" owner="Login_Function">
<kw name="Click Element" owner="SeleniumLibrary">
<msg time="2026-04-18T13:58:13.251793" level="INFO">Clicking element 'id=menu-toggle'.</msg>
<arg>${MENU_TOGGLE}</arg>
<doc>Click the element identified by ``locator``.</doc>
<status status="PASS" start="2026-04-18T13:58:13.251559" elapsed="0.099360"/>
</kw>
<kw name="Wait Until Element Is Visible" owner="SeleniumLibrary">
<arg>${LOGOUT_LINK}</arg>
<arg>5s</arg>
<doc>Waits until the element ``locator`` is visible.</doc>
<status status="PASS" start="2026-04-18T13:58:13.351162" elapsed="0.014980"/>
</kw>
<kw name="Click Element" owner="SeleniumLibrary">
<msg time="2026-04-18T13:58:13.366604" level="INFO">Clicking element 'xpath=//a[text()='Logout']'.</msg>
<arg>${LOGOUT_LINK}</arg>
<doc>Click the element identified by ``locator``.</doc>
<status status="PASS" start="2026-04-18T13:58:13.366355" elapsed="0.625747"/>
</kw>
<status status="PASS" start="2026-04-18T13:58:13.251245" elapsed="0.742108"/>
</kw>
<kw name="Open Login Page" owner="Login_Function">
<kw name="Go To" owner="SeleniumLibrary">
<msg time="2026-04-18T13:58:13.995303" level="INFO">Opening url 'https://katalon-demo-cura.herokuapp.com/'</msg>
<arg>${URL}</arg>
<doc>Navigates the current browser window to the provided ``url``.</doc>
<status status="PASS" start="2026-04-18T13:58:13.995016" elapsed="0.300747"/>
</kw>
<kw name="Wait Until Element Is Visible" owner="SeleniumLibrary">
<arg>${APPT_BTN}</arg>
<arg>10s</arg>
<doc>Waits until the element ``locator`` is visible.</doc>
<status status="PASS" start="2026-04-18T13:58:14.296174" elapsed="0.015276"/>
</kw>
<kw name="Click Element" owner="SeleniumLibrary">
<msg time="2026-04-18T13:58:14.312071" level="INFO">Clicking element 'id=btn-make-appointment'.</msg>
<arg>${APPT_BTN}</arg>
<doc>Click the element identified by ``locator``.</doc>
<status status="PASS" start="2026-04-18T13:58:14.311739" elapsed="0.368452"/>
</kw>
<kw name="Wait Until Element Is Visible" owner="SeleniumLibrary">
<arg>${USERNAME_INPUT}</arg>
<arg>10s</arg>
<doc>Waits until the element ``locator`` is visible.</doc>
<status status="PASS" start="2026-04-18T13:58:14.680487" elapsed="0.015399"/>
</kw>
<doc>เปิดหน้าแรกและนำทางไปยังหน้า Login</doc>
<status status="PASS" start="2026-04-18T13:58:13.994295" elapsed="0.701756"/>
</kw>
<status status="PASS" start="2026-04-18T13:58:13.250914" elapsed="1.445193"/>
</branch>
<branch type="ELSE">
<kw name="Logout Process" owner="Login_Function">
<status status="NOT RUN" start="2026-04-18T13:58:14.696387" elapsed="0.000038"/>
</kw>
<kw name="Open Login Page" owner="Login_Function">
<doc>เปิดหน้าแรกและนำทางไปยังหน้า Login</doc>
<status status="NOT RUN" start="2026-04-18T13:58:14.696571" elapsed="0.000032"/>
</kw>
<status status="NOT RUN" start="2026-04-18T13:58:14.696167" elapsed="0.000479"/>
</branch>
<status status="PASS" start="2026-04-18T13:58:13.250092" elapsed="1.446622"/>
</if>
<arg>${test_id}</arg>
<arg>${expected_status}</arg>
<status status="PASS" start="2026-04-18T13:58:13.249728" elapsed="1.447045"/>
</kw>
<arg>test_id=CURA_APPT001_004</arg>
<arg>facility=Tokyo CURA Healthcare Center</arg>
<arg>readmission=Yes</arg>
<arg>program=Medicare</arg>
<arg>visit_date=kk/kk/kkkk</arg>
<arg>comment=Aas;1224xfcdp":;'',.</arg>
<arg>expected_status=Success</arg>
<arg>description=กรณีระบุวันที่เป็นตัวอักษร (ระบบจะเปลี่ยนเป็นวันที่ปัจจุบัน)</arg>
<status status="PASS" start="2026-04-18T13:58:10.649182" elapsed="4.047665"/>
</kw>
<doc>${description}</doc>
<tag>Appointment</tag>
<status status="PASS" start="2026-04-18T13:58:10.646722" elapsed="4.050568"/>
</test>
<test id="s1-s1-t5" name="Appointment Scenario ID: CURA_APPT001_005" line="18">
<kw name="Appointment Workflow Template">
<kw name="Open Login Page" owner="Login_Function">
<kw name="Go To" owner="SeleniumLibrary">
<msg time="2026-04-18T13:58:14.700799" level="INFO">Opening url 'https://katalon-demo-cura.herokuapp.com/'</msg>
<arg>${URL}</arg>
<doc>Navigates the current browser window to the provided ``url``.</doc>
<status status="PASS" start="2026-04-18T13:58:14.700651" elapsed="0.308427"/>
</kw>
<kw name="Wait Until Element Is Visible" owner="SeleniumLibrary">
<arg>${APPT_BTN}</arg>
<arg>10s</arg>
<doc>Waits until the element ``locator`` is visible.</doc>
<status status="PASS" start="2026-04-18T13:58:15.009610" elapsed="0.015829"/>
</kw>
<kw name="Click Element" owner="SeleniumLibrary">
<msg time="2026-04-18T13:58:15.025921" level="INFO">Clicking element 'id=btn-make-appointment'.</msg>
<arg>${APPT_BTN}</arg>
<doc>Click the element identified by ``locator``.</doc>
<status status="PASS" start="2026-04-18T13:58:15.025667" elapsed="0.369954"/>
</kw>
<kw name="Wait Until Element Is Visible" owner="SeleniumLibrary">
<arg>${USERNAME_INPUT}</arg>
<arg>10s</arg>
<doc>Waits until the element ``locator`` is visible.</doc>
<status status="PASS" start="2026-04-18T13:58:15.395928" elapsed="0.016631"/>
</kw>
<doc>เปิดหน้าแรกและนำทางไปยังหน้า Login</doc>
<status status="PASS" start="2026-04-18T13:58:14.700396" elapsed="0.712311"/>
</kw>
<kw name="Submit Login Form" owner="Login_Function">
<kw name="Run Keyword If" owner="BuiltIn">
<kw name="Input Text" owner="SeleniumLibrary">
<msg time="2026-04-18T13:58:15.414568" level="INFO">Typing text 'John Doe' into text field 'id=txt-username'.</msg>
<arg>${USERNAME_INPUT}</arg>
<arg>${username}</arg>
<doc>Types the given ``text`` into the text field identified by ``locator``.</doc>
<status status="PASS" start="2026-04-18T13:58:15.414318" elapsed="0.108904"/>
</kw>
<arg>'${username}' == '${EMPTY}'</arg>
<arg>Clear Element Text</arg>
<arg>${USERNAME_INPUT}</arg>
<arg>ELSE</arg>
<arg>Input Text</arg>
<arg>${USERNAME_INPUT}</arg>
<arg>${username}</arg>
<doc>Runs the given keyword with the given arguments, if ``condition`` is true.</doc>
<status status="PASS" start="2026-04-18T13:58:15.413340" elapsed="0.110084"/>
</kw>
<kw name="Run Keyword If" owner="BuiltIn">
<kw name="Input Password" owner="SeleniumLibrary">
<msg time="2026-04-18T13:58:15.525128" level="INFO">Typing password into text field 'id=txt-password'.</msg>
<msg time="2026-04-18T13:58:15.557098" level="INFO">Temporally setting log level to: NONE</msg>
<arg>${PASSWORD_INPUT}</arg>
<arg>${password}</arg>
<doc>Types the given password into the text field identified by ``locator``.</doc>
<status status="PASS" start="2026-04-18T13:58:15.524821" elapsed="0.121585"/>
</kw>
<arg>'${password}' == '${EMPTY}'</arg>
<arg>Clear Element Text</arg>
<arg>${PASSWORD_INPUT}</arg>
<arg>ELSE</arg>
<arg>Input Password</arg>
<arg>${PASSWORD_INPUT}</arg>
<arg>${password}</arg>
<doc>Runs the given keyword with the given arguments, if ``condition`` is true.</doc>
<status status="PASS" start="2026-04-18T13:58:15.523703" elapsed="0.122849"/>
</kw>
<kw name="Click Button" owner="SeleniumLibrary">
<msg time="2026-04-18T13:58:15.647041" level="INFO">Clicking button 'id=btn-login'.</msg>
<arg>${LOGIN_BTN}</arg>
<doc>Clicks the button identified by ``locator``.</doc>
<status status="PASS" start="2026-04-18T13:58:15.646750" elapsed="0.083666"/>
</kw>
<arg>John Doe</arg>
<arg>ThisIsNotAPassword</arg>
<doc>กรอกข้อมูล Login และกดปุ่มยืนยัน</doc>
<status status="PASS" start="2026-04-18T13:58:15.412948" elapsed="0.317667"/>
</kw>
<kw name="Book Appointment" owner="Appointment_Function">
<kw name="Wait Until Element Is Visible" owner="SeleniumLibrary">
<arg>${FACILITY_SEL}</arg>
<arg>10s</arg>
<doc>Waits until the element ``locator`` is visible.</doc>
<status status="PASS" start="2026-04-18T13:58:15.731836" elapsed="0.587771"/>
</kw>
<kw name="Select From List By Value" owner="SeleniumLibrary">
<msg time="2026-04-18T13:58:16.320279" level="INFO">Selecting options from selection list 'id=combo_facility' by value Tokyo CURA Healthcare Center.</msg>
<arg>${FACILITY_SEL}</arg>
<arg>${facility}</arg>
<doc>Selects options from selection list ``locator`` by ``values``.</doc>
<status status="PASS" start="2026-04-18T13:58:16.319952" elapsed="0.061739"/>
</kw>
<if>
<branch type="IF" condition="'${readmission}' == 'Yes'">
<kw name="Select Checkbox" owner="SeleniumLibrary">
<msg time="2026-04-18T13:58:16.382588" level="INFO">Selecting checkbox 'id=chk_hospotal_readmission'.</msg>
<arg>${READMISSION_CBX}</arg>
<doc>Selects the checkbox identified by ``locator``.</doc>
<status status="PASS" start="2026-04-18T13:58:16.382325" elapsed="0.073277"/>
</kw>
<status status="PASS" start="2026-04-18T13:58:16.381902" elapsed="0.073812"/>
</branch>
<branch type="ELSE">
<kw name="Unselect Checkbox" owner="SeleniumLibrary">
<arg>${READMISSION_CBX}</arg>
<doc>Removes the selection of checkbox identified by ``locator``.</doc>
<status status="NOT RUN" start="2026-04-18T13:58:16.455963" elapsed="0.000038"/>
</kw>
<status status="NOT RUN" start="2026-04-18T13:58:16.455779" elapsed="0.000275"/>
</branch>
<status status="PASS" start="2026-04-18T13:58:16.381861" elapsed="0.074235"/>
</if>
<kw name="Select Radio Button" owner="SeleniumLibrary">
<msg time="2026-04-18T13:58:16.456429" level="INFO">Selecting 'Medicare' from radio button 'programs'.</msg>
<arg>programs</arg>
<arg>${program}</arg>
<doc>Sets the radio button group ``group_name`` to ``value``.</doc>
<status status="PASS" start="2026-04-18T13:58:16.456204" elapsed="0.014959"/>
</kw>
<kw name="Input Text" owner="SeleniumLibrary">
<msg time="2026-04-18T13:58:16.471686" level="INFO">Typing text '12/05/2026' into text field 'id=txt_visit_date'.</msg>
<arg>${VISIT_DATE_TXT}</arg>
<arg>${visit_date}</arg>
<doc>Types the given ``text`` into the text field identified by ``locator``.</doc>
<status status="PASS" start="2026-04-18T13:58:16.471395" elapsed="0.131623"/>
</kw>
<kw name="Input Text" owner="SeleniumLibrary">
<msg time="2026-04-18T13:58:16.603695" level="INFO">Typing text 'Logout Test' into text field 'id=txt_comment'.</msg>
<arg>${COMMENT_TXT}</arg>
<arg>${comment}</arg>
<doc>Types the given ``text`` into the text field identified by ``locator``.</doc>
<status status="PASS" start="2026-04-18T13:58:16.603309" elapsed="0.101165"/>
</kw>
<kw name="Click Button" owner="SeleniumLibrary">
<msg time="2026-04-18T13:58:16.705176" level="INFO">Clicking button 'id=btn-book-appointment'.</msg>
<arg>${BOOK_APPT_BTN}</arg>
<doc>Clicks the button identified by ``locator``.</doc>
<status status="PASS" start="2026-04-18T13:58:16.704779" elapsed="0.376757"/>
</kw>
<arg>${facility}</arg>
<arg>${readmission}</arg>
<arg>${program}</arg>
<arg>${visit_date}</arg>
<arg>${comment}</arg>
<status status="PASS" start="2026-04-18T13:58:15.730982" elapsed="1.350774"/>
</kw>
<kw name="Verify Appointment Result" owner="Appointment_Function">
<if>
<branch type="IF" condition="'${expected_status}' == 'Success'">
<kw name="Wait Until Page Contains" owner="SeleniumLibrary">
<arg>Appointment Confirmation</arg>
<arg>10s</arg>
<doc>Waits until ``text`` appears on the current page.</doc>
<status status="NOT RUN" start="2026-04-18T13:58:17.084087" elapsed="0.000088"/>
</kw>
<kw name="Element Should Contain" owner="SeleniumLibrary">
<arg>id=facility</arg>
<arg>${facility}</arg>
<doc>Verifies that element ``locator`` contains text ``expected``.</doc>
<status status="NOT RUN" start="2026-04-18T13:58:17.084420" elapsed="0.000047"/>
</kw>
<status status="NOT RUN" start="2026-04-18T13:58:17.082976" elapsed="0.001547"/>
</branch>
<branch type="ELSE IF" condition="'${expected_status}' == 'Error_MissingDate'">
<kw name="Page Should Contain Element" owner="SeleniumLibrary">
<arg>${BOOK_APPT_BTN}</arg>
<doc>Verifies that element ``locator`` is found on the current page.</doc>
<status status="NOT RUN" start="2026-04-18T13:58:17.084921" elapsed="0.000046"/>
</kw>
<status status="NOT RUN" start="2026-04-18T13:58:17.084581" elapsed="0.000442"/>
</branch>
<branch type="ELSE IF" condition="'${expected_status}' == 'Fail'">
<kw name="Wait Until Page Contains" owner="SeleniumLibrary">
<arg>Appointment Confirmation</arg>
<arg>10s</arg>
<doc>Waits until ``text`` appears on the current page.</doc>
<status status="NOT RUN" start="2026-04-18T13:58:17.085403" elapsed="0.000044"/>
</kw>
<kw name="Log" owner="BuiltIn">
<arg>บันทึก: พบ Bug ระบบยอมให้จองวันที่ในอดีต</arg>
<arg>level=WARN</arg>
<doc>Logs the given message with the given level.</doc>
<status status="NOT RUN" start="2026-04-18T13:58:17.085591" elapsed="0.000031"/>
</kw>
<status status="NOT RUN" start="2026-04-18T13:58:17.085071" elapsed="0.000604"/>
</branch>
<status status="PASS" start="2026-04-18T13:58:17.082930" elapsed="0.002795"/>
</if>
<arg>${expected_status}</arg>
<arg>${facility}</arg>
<status status="PASS" start="2026-04-18T13:58:17.082243" elapsed="0.003573"/>
</kw>
<kw name="Handle Post-Test Actions">
<if>
<branch type="IF" condition="'${test_id}' == 'CURA_APPT001_005'">
<kw name="Logout Process" owner="Login_Function">
<kw name="Click Element" owner="SeleniumLibrary">
<msg time="2026-04-18T13:58:17.088612" level="INFO">Clicking element 'id=menu-toggle'.</msg>
<arg>${MENU_TOGGLE}</arg>
<doc>Click the element identified by ``locator``.</doc>
<status status="PASS" start="2026-04-18T13:58:17.088142" elapsed="0.093680"/>
</kw>
<kw name="Wait Until Element Is Visible" owner="SeleniumLibrary">
<arg>${LOGOUT_LINK}</arg>
<arg>5s</arg>
<doc>Waits until the element ``locator`` is visible.</doc>
<status status="PASS" start="2026-04-18T13:58:17.182048" elapsed="0.017882"/>
</kw>
<kw name="Click Element" owner="SeleniumLibrary">
<msg time="2026-04-18T13:58:17.200450" level="INFO">Clicking element 'xpath=//a[text()='Logout']'.</msg>
<arg>${LOGOUT_LINK}</arg>
<doc>Click the element identified by ``locator``.</doc>
<status status="PASS" start="2026-04-18T13:58:17.200150" elapsed="0.621319"/>
</kw>
<status status="PASS" start="2026-04-18T13:58:17.087247" elapsed="0.734512"/>
</kw>
<kw name="Go Back" owner="SeleniumLibrary">
<doc>Simulates the user clicking the back button on their browser.</doc>
<status status="PASS" start="2026-04-18T13:58:17.822075" elapsed="0.074416"/>
</kw>
<kw name="Log" owner="BuiltIn">
<msg time="2026-04-18T13:58:17.897289" level="INFO">ตรวจสอบการกด Back หลัง Logout สำเร็จ</msg>
<arg>ตรวจสอบการกด Back หลัง Logout สำเร็จ</arg>
<arg>level=INFO</arg>
<doc>Logs the given message with the given level.</doc>
<status status="PASS" start="2026-04-18T13:58:17.896717" elapsed="0.000660"/>
</kw>
<status status="PASS" start="2026-04-18T13:58:17.086646" elapsed="0.810843"/>
</branch>
<branch type="ELSE IF" condition="'${expected_status}' == 'Success' or '${expected_status}' == 'Fail'">
<kw name="Logout Process" owner="Login_Function">
<status status="NOT RUN" start="2026-04-18T13:58:17.897823" elapsed="0.000048"/>
</kw>
<kw name="Open Login Page" owner="Login_Function">
<doc>เปิดหน้าแรกและนำทางไปยังหน้า Login</doc>
<status status="NOT RUN" start="2026-04-18T13:58:17.898032" elapsed="0.000035"/>
</kw>
<status status="NOT RUN" start="2026-04-18T13:58:17.897553" elapsed="0.000559"/>
</branch>
<branch type="ELSE">
<kw name="Logout Process" owner="Login_Function">
<status status="NOT RUN" start="2026-04-18T13:58:17.898296" elapsed="0.000031"/>
</kw>
<kw name="Open Login Page" owner="Login_Function">
<doc>เปิดหน้าแรกและนำทางไปยังหน้า Login</doc>
<status status="NOT RUN" start="2026-04-18T13:58:17.898459" elapsed="0.000032"/>
</kw>
<status status="NOT RUN" start="2026-04-18T13:58:17.898160" elapsed="0.000374"/>
</branch>
<status status="PASS" start="2026-04-18T13:58:17.086602" elapsed="0.812085"/>
</if>
<arg>${test_id}</arg>
<arg>${expected_status}</arg>
<status status="PASS" start="2026-04-18T13:58:17.086132" elapsed="0.812641"/>
</kw>
<arg>test_id=CURA_APPT001_005</arg>
<arg>facility=Tokyo CURA Healthcare Center</arg>
<arg>readmission=Yes</arg>
<arg>program=Medicare</arg>
<arg>visit_date=12/05/2026</arg>
<arg>comment=Logout Test</arg>
<arg>expected_status=Logout_Success</arg>
<arg>description=กรณีจองสำเร็จแล้ว Logout และ Back Browser</arg>
<status status="PASS" start="2026-04-18T13:58:14.699871" elapsed="3.198980"/>
</kw>
<doc>${description}</doc>
<tag>Appointment</tag>
<status status="PASS" start="2026-04-18T13:58:14.698517" elapsed="3.200672"/>
</test>
<test id="s1-s1-t6" name="Appointment Scenario ID: CURA_APPT001_006" line="18">
<kw name="Appointment Workflow Template">
<kw name="Open Login Page" owner="Login_Function">
<kw name="Go To" owner="SeleniumLibrary">
<msg time="2026-04-18T13:58:17.903159" level="INFO">Opening url 'https://katalon-demo-cura.herokuapp.com/'</msg>
<arg>${URL}</arg>
<doc>Navigates the current browser window to the provided ``url``.</doc>
<status status="PASS" start="2026-04-18T13:58:17.902965" elapsed="0.403147"/>
</kw>
<kw name="Wait Until Element Is Visible" owner="SeleniumLibrary">
<arg>${APPT_BTN}</arg>
<arg>10s</arg>
<doc>Waits until the element ``locator`` is visible.</doc>
<status status="PASS" start="2026-04-18T13:58:18.306474" elapsed="0.021654"/>
</kw>
<kw name="Click Element" owner="SeleniumLibrary">
<msg time="2026-04-18T13:58:18.328637" level="INFO">Clicking element 'id=btn-make-appointment'.</msg>
<arg>${APPT_BTN}</arg>
<doc>Click the element identified by ``locator``.</doc>
<status status="PASS" start="2026-04-18T13:58:18.328350" elapsed="0.382483"/>
</kw>
<kw name="Wait Until Element Is Visible" owner="SeleniumLibrary">
<arg>${USERNAME_INPUT}</arg>
<arg>10s</arg>
<doc>Waits until the element ``locator`` is visible.</doc>
<status status="PASS" start="2026-04-18T13:58:18.711138" elapsed="0.019469"/>
</kw>
<doc>เปิดหน้าแรกและนำทางไปยังหน้า Login</doc>
<status status="PASS" start="2026-04-18T13:58:17.902542" elapsed="0.828221"/>
</kw>
<kw name="Submit Login Form" owner="Login_Function">
<kw name="Run Keyword If" owner="BuiltIn">
<kw name="Input Text" owner="SeleniumLibrary">
<msg time="2026-04-18T13:58:18.732525" level="INFO">Typing text 'John Doe' into text field 'id=txt-username'.</msg>
<arg>${USERNAME_INPUT}</arg>
<arg>${username}</arg>
<doc>Types the given ``text`` into the text field identified by ``locator``.</doc>
<status status="PASS" start="2026-04-18T13:58:18.732287" elapsed="0.119071"/>
</kw>
<arg>'${username}' == '${EMPTY}'</arg>
<arg>Clear Element Text</arg>
<arg>${USERNAME_INPUT}</arg>
<arg>ELSE</arg>
<arg>Input Text</arg>
<arg>${USERNAME_INPUT}</arg>
<arg>${username}</arg>
<doc>Runs the given keyword with the given arguments, if ``condition`` is true.</doc>
<status status="PASS" start="2026-04-18T13:58:18.731392" elapsed="0.120222"/>
</kw>
<kw name="Run Keyword If" owner="BuiltIn">
<kw name="Input Password" owner="SeleniumLibrary">
<msg time="2026-04-18T13:58:18.854111" level="INFO">Typing password into text field 'id=txt-password'.</msg>
<msg time="2026-04-18T13:58:18.890105" level="INFO">Temporally setting log level to: NONE</msg>
<arg>${PASSWORD_INPUT}</arg>
<arg>${password}</arg>
<doc>Types the given password into the text field identified by ``locator``.</doc>
<status status="PASS" start="2026-04-18T13:58:18.853650" elapsed="0.100811"/>
</kw>
<arg>'${password}' == '${EMPTY}'</arg>
<arg>Clear Element Text</arg>
<arg>${PASSWORD_INPUT}</arg>
<arg>ELSE</arg>
<arg>Input Password</arg>
<arg>${PASSWORD_INPUT}</arg>
<arg>${password}</arg>
<doc>Runs the given keyword with the given arguments, if ``condition`` is true.</doc>
<status status="PASS" start="2026-04-18T13:58:18.851956" elapsed="0.102626"/>
</kw>
<kw name="Click Button" owner="SeleniumLibrary">
<msg time="2026-04-18T13:58:18.954996" level="INFO">Clicking button 'id=btn-login'.</msg>
<arg>${LOGIN_BTN}</arg>
<doc>Clicks the button identified by ``locator``.</doc>
<status status="PASS" start="2026-04-18T13:58:18.954767" elapsed="0.085735"/>
</kw>
<arg>John Doe</arg>
<arg>ThisIsNotAPassword</arg>
<doc>กรอกข้อมูล Login และกดปุ่มยืนยัน</doc>
<status status="PASS" start="2026-04-18T13:58:18.730998" elapsed="0.309790"/>
</kw>
<kw name="Book Appointment" owner="Appointment_Function">
<kw name="Wait Until Element Is Visible" owner="SeleniumLibrary">
<arg>${FACILITY_SEL}</arg>
<arg>10s</arg>
<doc>Waits until the element ``locator`` is visible.</doc>
<status status="PASS" start="2026-04-18T13:58:19.042590" elapsed="0.595545"/>
</kw>
<kw name="Select From List By Value" owner="SeleniumLibrary">
<msg time="2026-04-18T13:58:19.638704" level="INFO">Selecting options from selection list 'id=combo_facility' by value Tokyo CURA Healthcare Center.</msg>
<arg>${FACILITY_SEL}</arg>
<arg>${facility}</arg>
<doc>Selects options from selection list ``locator`` by ``values``.</doc>
<status status="PASS" start="2026-04-18T13:58:19.638370" elapsed="0.065039"/>
</kw>
<if>
<branch type="IF" condition="'${readmission}' == 'Yes'">
<kw name="Select Checkbox" owner="SeleniumLibrary">
<msg time="2026-04-18T13:58:19.704108" level="INFO">Selecting checkbox 'id=chk_hospotal_readmission'.</msg>
<arg>${READMISSION_CBX}</arg>
<doc>Selects the checkbox identified by ``locator``.</doc>
<status status="PASS" start="2026-04-18T13:58:19.703881" elapsed="0.083587"/>
</kw>
<status status="PASS" start="2026-04-18T13:58:19.703599" elapsed="0.084112"/>
</branch>
<branch type="ELSE">
<kw name="Unselect Checkbox" owner="SeleniumLibrary">
<arg>${READMISSION_CBX}</arg>
<doc>Removes the selection of checkbox identified by ``locator``.</doc>
<status status="NOT RUN" start="2026-04-18T13:58:19.788249" elapsed="0.000141"/>
</kw>
<status status="NOT RUN" start="2026-04-18T13:58:19.787836" elapsed="0.000731"/>
</branch>
<status status="PASS" start="2026-04-18T13:58:19.703565" elapsed="0.085099"/>
</if>
<kw name="Select Radio Button" owner="SeleniumLibrary">
<msg time="2026-04-18T13:58:19.789321" level="INFO">Selecting 'Medicare' from radio button 'programs'.</msg>
<arg>programs</arg>
<arg>${program}</arg>
<doc>Sets the radio button group ``group_name`` to ``value``.</doc>
<status status="PASS" start="2026-04-18T13:58:19.788969" elapsed="0.017369"/>
</kw>
<kw name="Input Text" owner="SeleniumLibrary">
<msg time="2026-04-18T13:58:19.806896" level="INFO">Typing text '' into text field 'id=txt_visit_date'.</msg>
<arg>${VISIT_DATE_TXT}</arg>
<arg>${visit_date}</arg>
<doc>Types the given ``text`` into the text field identified by ``locator``.</doc>
<status status="PASS" start="2026-04-18T13:58:19.806564" elapsed="0.091422"/>
</kw>
<kw name="Input Text" owner="SeleniumLibrary">
<msg time="2026-04-18T13:58:19.899204" level="INFO">Typing text '' into text field 'id=txt_comment'.</msg>
<arg>${COMMENT_TXT}</arg>
<arg>${comment}</arg>
<doc>Types the given ``text`` into the text field identified by ``locator``.</doc>
<status status="PASS" start="2026-04-18T13:58:19.898354" elapsed="0.076384"/>
</kw>
<kw name="Click Button" owner="SeleniumLibrary">
<msg time="2026-04-18T13:58:19.975268" level="INFO">Clicking button 'id=btn-book-appointment'.</msg>
<arg>${BOOK_APPT_BTN}</arg>
<doc>Clicks the button identified by ``locator``.</doc>
<status status="PASS" start="2026-04-18T13:58:19.974981" elapsed="0.107464"/>
</kw>
<arg>${facility}</arg>
<arg>${readmission}</arg>
<arg>${program}</arg>
<arg>${visit_date}</arg>
<arg>${comment}</arg>
<status status="PASS" start="2026-04-18T13:58:19.041195" elapsed="1.041394"/>
</kw>
<kw name="Verify Appointment Result" owner="Appointment_Function">
<if>
<branch type="IF" condition="'${expected_status}' == 'Success'">
<kw name="Wait Until Page Contains" owner="SeleniumLibrary">
<arg>Appointment Confirmation</arg>
<arg>10s</arg>
<doc>Waits until ``text`` appears on the current page.</doc>
<status status="NOT RUN" start="2026-04-18T13:58:20.083833" elapsed="0.000231"/>
</kw>
<kw name="Element Should Contain" owner="SeleniumLibrary">
<arg>id=facility</arg>
<arg>${facility}</arg>
<doc>Verifies that element ``locator`` contains text ``expected``.</doc>
<status status="NOT RUN" start="2026-04-18T13:58:20.084335" elapsed="0.000055"/>
</kw>
<status status="NOT RUN" start="2026-04-18T13:58:20.083349" elapsed="0.001123"/>
</branch>
<branch type="ELSE IF" condition="'${expected_status}' == 'Error_MissingDate'">
<kw name="Page Should Contain Element" owner="SeleniumLibrary">
<msg time="2026-04-18T13:58:20.095091" level="INFO">Current page contains element 'id=btn-book-appointment'.</msg>
<arg>${BOOK_APPT_BTN}</arg>
<doc>Verifies that element ``locator`` is found on the current page.</doc>
<status status="PASS" start="2026-04-18T13:58:20.084927" elapsed="0.010292"/>
</kw>
<status status="PASS" start="2026-04-18T13:58:20.084567" elapsed="0.010737"/>
</branch>
<branch type="ELSE IF" condition="'${expected_status}' == 'Fail'">
<kw name="Wait Until Page Contains" owner="SeleniumLibrary">
<arg>Appointment Confirmation</arg>
<arg>10s</arg>
<doc>Waits until ``text`` appears on the current page.</doc>
<status status="NOT RUN" start="2026-04-18T13:58:20.095550" elapsed="0.000038"/>
</kw>
<kw name="Log" owner="BuiltIn">
<arg>บันทึก: พบ Bug ระบบยอมให้จองวันที่ในอดีต</arg>
<arg>level=WARN</arg>
<doc>Logs the given message with the given level.</doc>
<status status="NOT RUN" start="2026-04-18T13:58:20.095721" elapsed="0.000031"/>
</kw>
[...]
<arg>${ERROR_MSG_LABEL}</arg>
<arg>${expected_error}</arg>
<doc>Verifies that element ``locator`` contains exact the text ``expected``.</doc>
<status status="PASS" start="2026-04-18T13:58:44.565824" elapsed="0.031980"/>
</kw>
<status status="PASS" start="2026-04-18T13:58:43.968178" elapsed="0.629865"/>
</branch>
<status status="PASS" start="2026-04-18T13:58:43.966476" elapsed="0.631654"/>
</if>
<arg>${expected_error}</arg>
<status status="PASS" start="2026-04-18T13:58:43.966169" elapsed="0.632075"/>
</kw>
<arg>${test_id}</arg>
<arg>${username}</arg>
<arg>${password}</arg>
<arg>${expected_error}</arg>
<status status="PASS" start="2026-04-18T13:58:42.984851" elapsed="1.613503"/>
</kw>
<arg>test_id=CURA_LOG001_005</arg>
<arg>username=</arg>
<arg>password=ThisIsNotAPassword</arg>
<arg>expected_error=Login failed! Please ensure the username and password are valid.</arg>
<arg>description=Login ไม่สำเร็จเนื่องจากไม่กรอก Username</arg>
<status status="PASS" start="2026-04-18T13:58:42.984389" elapsed="1.614133"/>
</kw>
<doc>${description}</doc>
<tag>Login</tag>
<status status="PASS" start="2026-04-18T13:58:42.983095" elapsed="1.616092"/>
</test>
<test id="s1-s2-t6" name="Login Scenario ID: CURA_LOG001_006" line="18">
<kw name="Local Login Template">
<kw name="Login Template" owner="Login_Function">
<kw name="Open Login Page" owner="Login_Function">
<kw name="Go To" owner="SeleniumLibrary">
<msg time="2026-04-18T13:58:44.603732" level="INFO">Opening url 'https://katalon-demo-cura.herokuapp.com/'</msg>
<arg>${URL}</arg>
<doc>Navigates the current browser window to the provided ``url``.</doc>
<status status="PASS" start="2026-04-18T13:58:44.603567" elapsed="0.305274"/>
</kw>
<kw name="Wait Until Element Is Visible" owner="SeleniumLibrary">
<arg>${APPT_BTN}</arg>
<arg>10s</arg>
<doc>Waits until the element ``locator`` is visible.</doc>
<status status="PASS" start="2026-04-18T13:58:44.909092" elapsed="0.013444"/>
</kw>
<kw name="Click Element" owner="SeleniumLibrary">
<msg time="2026-04-18T13:58:44.923011" level="INFO">Clicking element 'id=btn-make-appointment'.</msg>
<arg>${APPT_BTN}</arg>
<doc>Click the element identified by ``locator``.</doc>
<status status="PASS" start="2026-04-18T13:58:44.922757" elapsed="0.369741"/>
</kw>
<kw name="Wait Until Element Is Visible" owner="SeleniumLibrary">
<arg>${USERNAME_INPUT}</arg>
<arg>10s</arg>
<doc>Waits until the element ``locator`` is visible.</doc>
<status status="PASS" start="2026-04-18T13:58:45.292782" elapsed="0.051885"/>
</kw>
<doc>เปิดหน้าแรกและนำทางไปยังหน้า Login</doc>
<status status="PASS" start="2026-04-18T13:58:44.603294" elapsed="0.741538"/>
</kw>
<kw name="Submit Login Form" owner="Login_Function">
<kw name="Run Keyword If" owner="BuiltIn">
<kw name="Input Text" owner="SeleniumLibrary">
<msg time="2026-04-18T13:58:45.348141" level="INFO">Typing text 'john doe' into text field 'id=txt-username'.</msg>
<arg>${USERNAME_INPUT}</arg>
<arg>${username}</arg>
<doc>Types the given ``text`` into the text field identified by ``locator``.</doc>
<status status="PASS" start="2026-04-18T13:58:45.347154" elapsed="0.096566"/>
</kw>
<arg>'${username}' == '${EMPTY}'</arg>
<arg>Clear Element Text</arg>
<arg>${USERNAME_INPUT}</arg>
<arg>ELSE</arg>
<arg>Input Text</arg>
<arg>${USERNAME_INPUT}</arg>
<arg>${username}</arg>
<doc>Runs the given keyword with the given arguments, if ``condition`` is true.</doc>
<status status="PASS" start="2026-04-18T13:58:45.345538" elapsed="0.098382"/>
</kw>
<kw name="Run Keyword If" owner="BuiltIn">
<kw name="Input Password" owner="SeleniumLibrary">
<msg time="2026-04-18T13:58:45.445589" level="INFO">Typing password into text field 'id=txt-password'.</msg>
<msg time="2026-04-18T13:58:45.480979" level="INFO">Temporally setting log level to: NONE</msg>
<arg>${PASSWORD_INPUT}</arg>
<arg>${password}</arg>
<doc>Types the given password into the text field identified by ``locator``.</doc>
<status status="PASS" start="2026-04-18T13:58:45.445290" elapsed="0.109182"/>
</kw>
<arg>'${password}' == '${EMPTY}'</arg>
<arg>Clear Element Text</arg>
<arg>${PASSWORD_INPUT}</arg>
<arg>ELSE</arg>
<arg>Input Password</arg>
<arg>${PASSWORD_INPUT}</arg>
<arg>${password}</arg>
<doc>Runs the given keyword with the given arguments, if ``condition`` is true.</doc>
<status status="PASS" start="2026-04-18T13:58:45.444142" elapsed="0.110539"/>
</kw>
<kw name="Click Button" owner="SeleniumLibrary">
<msg time="2026-04-18T13:58:45.555110" level="INFO">Clicking button 'id=btn-login'.</msg>
<arg>${LOGIN_BTN}</arg>
<doc>Clicks the button identified by ``locator``.</doc>
<status status="PASS" start="2026-04-18T13:58:45.554866" elapsed="0.667358"/>
</kw>
<arg>${username}</arg>
<arg>${password}</arg>
<doc>กรอกข้อมูล Login และกดปุ่มยืนยัน</doc>
<status status="PASS" start="2026-04-18T13:58:45.345080" elapsed="0.877335"/>
</kw>
<kw name="Verify Login Result" owner="Login_Function">
<if>
<branch type="IF" condition="'${expected_error}' == '${EMPTY}'">
<kw name="Wait Until Page Contains" owner="SeleniumLibrary">
<arg>Make Appointment</arg>
<arg>10s</arg>
<doc>Waits until ``text`` appears on the current page.</doc>
<status status="NOT RUN" start="2026-04-18T13:58:46.224355" elapsed="0.000064"/>
</kw>
<kw name="Logout Process" owner="Login_Function">
<status status="NOT RUN" start="2026-04-18T13:58:46.224722" elapsed="0.000068"/>
</kw>
<status status="NOT RUN" start="2026-04-18T13:58:46.223447" elapsed="0.001405"/>
</branch>
<branch type="ELSE">
<kw name="Wait Until Element Is Visible" owner="SeleniumLibrary">
<arg>${ERROR_MSG_LABEL}</arg>
<arg>10s</arg>
<doc>Waits until the element ``locator`` is visible.</doc>
<status status="PASS" start="2026-04-18T13:58:46.225104" elapsed="0.056904"/>
</kw>
<kw name="Element Text Should Be" owner="SeleniumLibrary">
<msg time="2026-04-18T13:58:46.282571" level="INFO">Verifying element 'xpath=//p[contains(@class, 'text-danger')]' contains exact text 'Login failed! Please ensure the username and password are valid.'.</msg>
<arg>${ERROR_MSG_LABEL}</arg>
<arg>${expected_error}</arg>
<doc>Verifies that element ``locator`` contains exact the text ``expected``.</doc>
<status status="PASS" start="2026-04-18T13:58:46.282257" elapsed="0.014394"/>
</kw>
<status status="PASS" start="2026-04-18T13:58:46.224929" elapsed="0.071823"/>
</branch>
<status status="PASS" start="2026-04-18T13:58:46.223403" elapsed="0.073400"/>
</if>
<arg>${expected_error}</arg>
<status status="PASS" start="2026-04-18T13:58:46.222908" elapsed="0.073970"/>
</kw>
<arg>${test_id}</arg>
<arg>${username}</arg>
<arg>${password}</arg>
<arg>${expected_error}</arg>
<status status="PASS" start="2026-04-18T13:58:44.602779" elapsed="1.694176"/>
</kw>
<arg>test_id=CURA_LOG001_006</arg>
<arg>username=john doe</arg>
<arg>password=ThisIsNotAPassword</arg>
<arg>expected_error=Login failed! Please ensure the username and password are valid.</arg>
<arg>description=Login ไม่สำเร็จเนื่องจาก Username เป็นตัวพิมพ์เล็กหมด (ตรวจสอบ Case Sensitive)</arg>
<status status="PASS" start="2026-04-18T13:58:44.602195" elapsed="1.694845"/>
</kw>
<doc>${description}</doc>
<tag>Login</tag>
<status status="PASS" start="2026-04-18T13:58:44.600528" elapsed="1.697035"/>
</test>
<test id="s1-s2-t7" name="Login Scenario ID: CURA_LOG001_007" line="18">
<kw name="Local Login Template">
<kw name="Login Template" owner="Login_Function">
<kw name="Open Login Page" owner="Login_Function">
<kw name="Go To" owner="SeleniumLibrary">
<msg time="2026-04-18T13:58:46.302725" level="INFO">Opening url 'https://katalon-demo-cura.herokuapp.com/'</msg>
<arg>${URL}</arg>
<doc>Navigates the current browser window to the provided ``url``.</doc>
<status status="PASS" start="2026-04-18T13:58:46.302586" elapsed="0.304308"/>
</kw>
<kw name="Wait Until Element Is Visible" owner="SeleniumLibrary">
<arg>${APPT_BTN}</arg>
<arg>10s</arg>
<doc>Waits until the element ``locator`` is visible.</doc>
<status status="PASS" start="2026-04-18T13:58:46.607315" elapsed="0.014796"/>
</kw>
<kw name="Click Element" owner="SeleniumLibrary">
<msg time="2026-04-18T13:58:46.622590" level="INFO">Clicking element 'id=btn-make-appointment'.</msg>
<arg>${APPT_BTN}</arg>
<doc>Click the element identified by ``locator``.</doc>
<status status="PASS" start="2026-04-18T13:58:46.622335" elapsed="0.375667"/>
</kw>
<kw name="Wait Until Element Is Visible" owner="SeleniumLibrary">
<arg>${USERNAME_INPUT}</arg>
<arg>10s</arg>
<doc>Waits until the element ``locator`` is visible.</doc>
<status status="PASS" start="2026-04-18T13:58:46.998325" elapsed="0.017344"/>
</kw>
<doc>เปิดหน้าแรกและนำทางไปยังหน้า Login</doc>
<status status="PASS" start="2026-04-18T13:58:46.302351" elapsed="0.713458"/>
</kw>
<kw name="Submit Login Form" owner="Login_Function">
<kw name="Run Keyword If" owner="BuiltIn">
<kw name="Input Text" owner="SeleniumLibrary">
<msg time="2026-04-18T13:58:47.017902" level="INFO">Typing text 'John Doe' into text field 'id=txt-username'.</msg>
<arg>${USERNAME_INPUT}</arg>
<arg>${username}</arg>
<doc>Types the given ``text`` into the text field identified by ``locator``.</doc>
<status status="PASS" start="2026-04-18T13:58:47.017554" elapsed="0.128170"/>
</kw>
<arg>'${username}' == '${EMPTY}'</arg>
<arg>Clear Element Text</arg>
<arg>${USERNAME_INPUT}</arg>
<arg>ELSE</arg>
<arg>Input Text</arg>
<arg>${USERNAME_INPUT}</arg>
<arg>${username}</arg>
<doc>Runs the given keyword with the given arguments, if ``condition`` is true.</doc>
<status status="PASS" start="2026-04-18T13:58:47.016433" elapsed="0.129434"/>
</kw>
<kw name="Run Keyword If" owner="BuiltIn">
<kw name="Input Password" owner="SeleniumLibrary">
<msg time="2026-04-18T13:58:47.148157" level="INFO">Typing password into text field 'id=txt-password'.</msg>
<msg time="2026-04-18T13:58:47.183141" level="INFO">Temporally setting log level to: NONE</msg>
<arg>${PASSWORD_INPUT}</arg>
<arg>${password}</arg>
<doc>Types the given password into the text field identified by ``locator``.</doc>
<status status="PASS" start="2026-04-18T13:58:47.147393" elapsed="0.115542"/>
</kw>
<arg>'${password}' == '${EMPTY}'</arg>
<arg>Clear Element Text</arg>
<arg>${PASSWORD_INPUT}</arg>
<arg>ELSE</arg>
<arg>Input Password</arg>
<arg>${PASSWORD_INPUT}</arg>
<arg>${password}</arg>
<doc>Runs the given keyword with the given arguments, if ``condition`` is true.</doc>
<status status="PASS" start="2026-04-18T13:58:47.146131" elapsed="0.116965"/>
</kw>
<kw name="Click Button" owner="SeleniumLibrary">
<msg time="2026-04-18T13:58:47.263571" level="INFO">Clicking button 'id=btn-login'.</msg>
<arg>${LOGIN_BTN}</arg>
<doc>Clicks the button identified by ``locator``.</doc>
<status status="PASS" start="2026-04-18T13:58:47.263304" elapsed="0.092754"/>
</kw>
<arg>${username}</arg>
<arg>${password}</arg>
<doc>กรอกข้อมูล Login และกดปุ่มยืนยัน</doc>
<status status="PASS" start="2026-04-18T13:58:47.016031" elapsed="0.340188"/>
</kw>
<kw name="Verify Login Result" owner="Login_Function">
<if>
<branch type="IF" condition="'${expected_error}' == '${EMPTY}'">
<kw name="Wait Until Page Contains" owner="SeleniumLibrary">
<arg>Make Appointment</arg>
<arg>10s</arg>
<doc>Waits until ``text`` appears on the current page.</doc>
<status status="NOT RUN" start="2026-04-18T13:58:47.358049" elapsed="0.000156"/>
</kw>
<kw name="Logout Process" owner="Login_Function">
<status status="NOT RUN" start="2026-04-18T13:58:47.358821" elapsed="0.000166"/>
</kw>
<status status="NOT RUN" start="2026-04-18T13:58:47.356833" elapsed="0.002263"/>
</branch>
<branch type="ELSE">
<kw name="Wait Until Element Is Visible" owner="SeleniumLibrary">
<arg>${ERROR_MSG_LABEL}</arg>
<arg>10s</arg>
<doc>Waits until the element ``locator`` is visible.</doc>
<status status="PASS" start="2026-04-18T13:58:47.359521" elapsed="0.591565"/>
</kw>
<kw name="Element Text Should Be" owner="SeleniumLibrary">
<msg time="2026-04-18T13:58:47.951863" level="INFO">Verifying element 'xpath=//p[contains(@class, 'text-danger')]' contains exact text 'Login failed! Please ensure the username and password are valid.'.</msg>
<arg>${ERROR_MSG_LABEL}</arg>
<arg>${expected_error}</arg>
<doc>Verifies that element ``locator`` contains exact the text ``expected``.</doc>
<status status="PASS" start="2026-04-18T13:58:47.951484" elapsed="0.033775"/>
</kw>
<status status="PASS" start="2026-04-18T13:58:47.359201" elapsed="0.626176"/>
</branch>
<status status="PASS" start="2026-04-18T13:58:47.356807" elapsed="0.628624"/>
</if>
<arg>${expected_error}</arg>
<status status="PASS" start="2026-04-18T13:58:47.356508" elapsed="0.629004"/>
</kw>
<arg>${test_id}</arg>
<arg>${username}</arg>
<arg>${password}</arg>
<arg>${expected_error}</arg>
<status status="PASS" start="2026-04-18T13:58:46.301872" elapsed="1.683717"/>
</kw>
<arg>test_id=CURA_LOG001_007</arg>
<arg>username=John Doe</arg>
<arg>password=ThisIsNotAPass</arg>
<arg>expected_error=Login failed! Please ensure the username and password are valid.</arg>
<arg>description=Login ไม่สำเร็จเนื่องจาก Password ไม่ถูกต้อง</arg>
<status status="PASS" start="2026-04-18T13:58:46.301431" elapsed="1.684242"/>
</kw>
<doc>${description}</doc>
<tag>Login</tag>
<status status="PASS" start="2026-04-18T13:58:46.299529" elapsed="1.686590"/>
</test>
<test id="s1-s2-t8" name="Login Scenario ID: CURA_LOG001_008" line="18">
<kw name="Local Login Template">
<kw name="Login Template" owner="Login_Function">
<kw name="Open Login Page" owner="Login_Function">
<kw name="Go To" owner="SeleniumLibrary">
<msg time="2026-04-18T13:58:47.992889" level="INFO">Opening url 'https://katalon-demo-cura.herokuapp.com/'</msg>
<arg>${URL}</arg>
<doc>Navigates the current browser window to the provided ``url``.</doc>
<status status="PASS" start="2026-04-18T13:58:47.992679" elapsed="0.301380"/>
</kw>
<kw name="Wait Until Element Is Visible" owner="SeleniumLibrary">
<arg>${APPT_BTN}</arg>
<arg>10s</arg>
<doc>Waits until the element ``locator`` is visible.</doc>
<status status="PASS" start="2026-04-18T13:58:48.294416" elapsed="0.014632"/>
</kw>
<kw name="Click Element" owner="SeleniumLibrary">
<msg time="2026-04-18T13:58:48.309554" level="INFO">Clicking element 'id=btn-make-appointment'.</msg>
<arg>${APPT_BTN}</arg>
<doc>Click the element identified by ``locator``.</doc>
<status status="PASS" start="2026-04-18T13:58:48.309269" elapsed="0.362653"/>
</kw>
<kw name="Wait Until Element Is Visible" owner="SeleniumLibrary">
<arg>${USERNAME_INPUT}</arg>
<arg>10s</arg>
<doc>Waits until the element ``locator`` is visible.</doc>
<status status="PASS" start="2026-04-18T13:58:48.672177" elapsed="0.018046"/>
</kw>
<doc>เปิดหน้าแรกและนำทางไปยังหน้า Login</doc>
<status status="PASS" start="2026-04-18T13:58:47.992223" elapsed="0.698163"/>
</kw>
<kw name="Submit Login Form" owner="Login_Function">
<kw name="Run Keyword If" owner="BuiltIn">
<kw name="Input Text" owner="SeleniumLibrary">
<msg time="2026-04-18T13:58:48.692278" level="INFO">Typing text 'John Doe' into text field 'id=txt-username'.</msg>
<arg>${USERNAME_INPUT}</arg>
<arg>${username}</arg>
<doc>Types the given ``text`` into the text field identified by ``locator``.</doc>
<status status="PASS" start="2026-04-18T13:58:48.691976" elapsed="0.119153"/>
</kw>
<arg>'${username}' == '${EMPTY}'</arg>
<arg>Clear Element Text</arg>
<arg>${USERNAME_INPUT}</arg>
<arg>ELSE</arg>
<arg>Input Text</arg>
<arg>${USERNAME_INPUT}</arg>
<arg>${username}</arg>
<doc>Runs the given keyword with the given arguments, if ``condition`` is true.</doc>
<status status="PASS" start="2026-04-18T13:58:48.691026" elapsed="0.120386"/>
</kw>
<kw name="Run Keyword If" owner="BuiltIn">
<kw name="Clear Element Text" owner="SeleniumLibrary">
<arg>${PASSWORD_INPUT}</arg>
<doc>Clears the value of the text-input-element identified by ``locator``.</doc>
<status status="PASS" start="2026-04-18T13:58:48.813534" elapsed="0.034062"/>
</kw>
<arg>'${password}' == '${EMPTY}'</arg>
<arg>Clear Element Text</arg>
<arg>${PASSWORD_INPUT}</arg>
<arg>ELSE</arg>
<arg>Input Password</arg>
<arg>${PASSWORD_INPUT}</arg>
<arg>${password}</arg>
<doc>Runs the given keyword with the given arguments, if ``condition`` is true.</doc>
<status status="PASS" start="2026-04-18T13:58:48.812125" elapsed="0.035800"/>
</kw>
<kw name="Click Button" owner="SeleniumLibrary">
<msg time="2026-04-18T13:58:48.849292" level="INFO">Clicking button 'id=btn-login'.</msg>
<arg>${LOGIN_BTN}</arg>
<doc>Clicks the button identified by ``locator``.</doc>
<status status="PASS" start="2026-04-18T13:58:48.848450" elapsed="0.098477"/>
</kw>
<arg>${username}</arg>
<arg>${password}</arg>
<doc>กรอกข้อมูล Login และกดปุ่มยืนยัน</doc>
<status status="PASS" start="2026-04-18T13:58:48.690607" elapsed="0.256472"/>
</kw>
<kw name="Verify Login Result" owner="Login_Function">
<if>
<branch type="IF" condition="'${expected_error}' == '${EMPTY}'">
<kw name="Wait Until Page Contains" owner="SeleniumLibrary">
<arg>Make Appointment</arg>
<arg>10s</arg>
<doc>Waits until ``text`` appears on the current page.</doc>
<status status="NOT RUN" start="2026-04-18T13:58:48.951113" elapsed="0.000108"/>
</kw>
<kw name="Logout Process" owner="Login_Function">
<status status="NOT RUN" start="2026-04-18T13:58:48.951475" elapsed="0.000042"/>
</kw>
<status status="NOT RUN" start="2026-04-18T13:58:48.949480" elapsed="0.002083"/>
</branch>
<branch type="ELSE">
<kw name="Wait Until Element Is Visible" owner="SeleniumLibrary">
<arg>${ERROR_MSG_LABEL}</arg>
<arg>10s</arg>
<doc>Waits until the element ``locator`` is visible.</doc>
<status status="PASS" start="2026-04-18T13:58:48.951802" elapsed="0.593068"/>
</kw>
<kw name="Element Text Should Be" owner="SeleniumLibrary">
<msg time="2026-04-18T13:58:49.545431" level="INFO">Verifying element 'xpath=//p[contains(@class, 'text-danger')]' contains exact text 'Login failed! Please ensure the username and password are valid.'.</msg>
<arg>${ERROR_MSG_LABEL}</arg>
<arg>${expected_error}</arg>
<doc>Verifies that element ``locator`` contains exact the text ``expected``.</doc>
<status status="PASS" start="2026-04-18T13:58:49.545108" elapsed="0.035438"/>
</kw>
<status status="PASS" start="2026-04-18T13:58:48.951622" elapsed="0.629073"/>
</branch>
<status status="PASS" start="2026-04-18T13:58:48.949411" elapsed="0.631337"/>
</if>
<arg>${expected_error}</arg>
<status status="PASS" start="2026-04-18T13:58:48.948198" elapsed="0.632635"/>
</kw>
<arg>${test_id}</arg>
<arg>${username}</arg>
<arg>${password}</arg>
<arg>${expected_error}</arg>
<status status="PASS" start="2026-04-18T13:58:47.990437" elapsed="1.590475"/>
</kw>
<arg>test_id=CURA_LOG001_008</arg>
<arg>username=John Doe</arg>
<arg>password=</arg>
<arg>expected_error=Login failed! Please ensure the username and password are valid.</arg>
<arg>description=Login ไม่สำเร็จเนื่องจากไม่กรอก Password</arg>
<status status="PASS" start="2026-04-18T13:58:47.989257" elapsed="1.591737"/>
</kw>
<doc>${description}</doc>
<tag>Login</tag>
<status status="PASS" start="2026-04-18T13:58:47.987784" elapsed="1.593560"/>
</test>
<kw name="Close Browser" owner="SeleniumLibrary" type="TEARDOWN">
<doc>Closes the current browser.</doc>
<status status="PASS" start="2026-04-18T13:58:49.582068" elapsed="2.417291"/>
</kw>
<doc>การทดสอบระบบ CURA Healthcare Service - Login Function</doc>
<status status="PASS" start="2026-04-18T13:58:31.674306" elapsed="20.325283"/>
</suite>
<status status="PASS" start="2026-04-18T13:57:51.886835" elapsed="60.114831"/>
</suite>
<statistics>
<total>
<stat pass="16" fail="0" skip="0">All Tests</stat>
</total>
<tag>
<stat pass="8" fail="0" skip="0">Appointment</stat>
<stat pass="8" fail="0" skip="0">Login</stat>
</tag>
<suite>
<stat name="Testcase" id="s1" pass="16" fail="0" skip="0">Testcase</stat>
<stat name="CURA APPT001" id="s1-s1" pass="8" fail="0" skip="0">Testcase.CURA APPT001</stat>
<stat name="CURA LOG001" id="s1-s2" pass="8" fail="0" skip="0">Testcase.CURA LOG001</stat>
</suite>
</statistics>
<errors>
<msg time="2026-04-18T13:58:23.912477" level="WARN">บันทึก: พบ Bug ระบบยอมให้จองวันที่ในอดีต</msg>
</errors>
</robot>
